SF:/Users/jt/code/threadkit/server/crates/common/src/auth.rs
FN:40,_RNCNvNtCsiekp5I1RHQt_16threadkit_common4auth12create_token0B5_
FN:17,_RNvNtCsiekp5I1RHQt_16threadkit_common4auth12create_token
FN:43,_RNvNtCsiekp5I1RHQt_16threadkit_common4auth12verify_token
FN:53,_RNvNtCsiekp5I1RHQt_16threadkit_common4auth26generate_verification_code
FN:53,_RNvNtCs9dCHYEAjrI1_16threadkit_common4auth26generate_verification_code
FN:40,_RNCNvNtCs9dCHYEAjrI1_16threadkit_common4auth12create_token0B5_
FN:64,_RNvNtNtCs9dCHYEAjrI1_16threadkit_common4auth5testss_20test_token_roundtrip
FN:17,_RNvNtCs9dCHYEAjrI1_16threadkit_common4auth12create_token
FN:43,_RNvNtCs9dCHYEAjrI1_16threadkit_common4auth12verify_token
FNDA:0,_RNCNvNtCsiekp5I1RHQt_16threadkit_common4auth12create_token0B5_
FNDA:82,_RNvNtCsiekp5I1RHQt_16threadkit_common4auth12create_token
FNDA:198,_RNvNtCsiekp5I1RHQt_16threadkit_common4auth12verify_token
FNDA:4,_RNvNtCsiekp5I1RHQt_16threadkit_common4auth26generate_verification_code
FNDA:0,_RNvNtCs9dCHYEAjrI1_16threadkit_common4auth26generate_verification_code
FNDA:0,_RNCNvNtCs9dCHYEAjrI1_16threadkit_common4auth12create_token0B5_
FNDA:1,_RNvNtNtCs9dCHYEAjrI1_16threadkit_common4auth5testss_20test_token_roundtrip
FNDA:1,_RNvNtCs9dCHYEAjrI1_16threadkit_common4auth12create_token
FNDA:1,_RNvNtCs9dCHYEAjrI1_16threadkit_common4auth12verify_token
FNF:5
FNH:4
DA:17,83
DA:18,83
DA:19,83
DA:20,83
DA:21,83
DA:22,83
DA:23,83
DA:24,83
DA:25,83
DA:27,83
DA:28,83
DA:29,83
DA:30,83
DA:31,83
DA:32,83
DA:33,83
DA:35,83
DA:36,83
DA:37,83
DA:38,83
DA:40,83
DA:41,83
DA:43,199
DA:44,199
DA:45,199
DA:46,199
DA:47,199
DA:49,199
DA:50,199
DA:51,199
DA:53,4
DA:55,4
DA:56,4
DA:57,4
DA:64,1
DA:65,1
DA:66,1
DA:67,1
DA:68,1
DA:70,1
DA:71,1
DA:73,1
DA:74,1
DA:75,1
DA:76,1
BRF:0
BRH:0
LF:46
LH:45
end_of_record
SF:/Users/jt/code/threadkit/server/crates/common/src/config.rs
FN:213,_RNCNCNvMs_NtCsiekp5I1RHQt_16threadkit_common6configNtB8_6Config13load_from_envs3_00Ba_
FN:213,_RNCNCNvMs_NtCsiekp5I1RHQt_16threadkit_common6configNtB8_6Config13load_from_envs3_0s_0Ba_
FN:269,_RNCNCNvMs_NtCsiekp5I1RHQt_16threadkit_common6configNtB8_6Config13load_from_envsf_00Ba_
FN:178,_RNCNvMs_NtCsiekp5I1RHQt_16threadkit_common6configNtB6_6Config13load_from_env0B8_
FN:186,_RNCNvMs_NtCsiekp5I1RHQt_16threadkit_common6configNtB6_6Config13load_from_envs0_0B8_
FN:189,_RNCNvMs_NtCsiekp5I1RHQt_16threadkit_common6configNtB6_6Config13load_from_envs1_0B8_
FN:191,_RNCNvMs_NtCsiekp5I1RHQt_16threadkit_common6configNtB6_6Config13load_from_envs2_0B8_
FN:213,_RNCNvMs_NtCsiekp5I1RHQt_16threadkit_common6configNtB6_6Config13load_from_envs3_0B8_
FN:226,_RNCNvMs_NtCsiekp5I1RHQt_16threadkit_common6configNtB6_6Config13load_from_envs4_0B8_
FN:230,_RNCNvMs_NtCsiekp5I1RHQt_16threadkit_common6configNtB6_6Config13load_from_envs5_0B8_
FN:234,_RNCNvMs_NtCsiekp5I1RHQt_16threadkit_common6configNtB6_6Config13load_from_envs6_0B8_
FN:238,_RNCNvMs_NtCsiekp5I1RHQt_16threadkit_common6configNtB6_6Config13load_from_envs7_0B8_
FN:242,_RNCNvMs_NtCsiekp5I1RHQt_16threadkit_common6configNtB6_6Config13load_from_envs8_0B8_
FN:246,_RNCNvMs_NtCsiekp5I1RHQt_16threadkit_common6configNtB6_6Config13load_from_envs9_0B8_
FN:185,_RNCNvMs_NtCsiekp5I1RHQt_16threadkit_common6configNtB6_6Config13load_from_envs_0B8_
FN:250,_RNCNvMs_NtCsiekp5I1RHQt_16threadkit_common6configNtB6_6Config13load_from_envsa_0B8_
FN:254,_RNCNvMs_NtCsiekp5I1RHQt_16threadkit_common6configNtB6_6Config13load_from_envsb_0B8_
FN:258,_RNCNvMs_NtCsiekp5I1RHQt_16threadkit_common6configNtB6_6Config13load_from_envsc_0B8_
FN:262,_RNCNvMs_NtCsiekp5I1RHQt_16threadkit_common6configNtB6_6Config13load_from_envsd_0B8_
FN:266,_RNCNvMs_NtCsiekp5I1RHQt_16threadkit_common6configNtB6_6Config13load_from_envse_0B8_
FN:269,_RNCNvMs_NtCsiekp5I1RHQt_16threadkit_common6configNtB6_6Config13load_from_envsf_0B8_
FN:270,_RNCNvMs_NtCsiekp5I1RHQt_16threadkit_common6configNtB6_6Config13load_from_envsg_0B8_
FN:275,_RNCNvMs_NtCsiekp5I1RHQt_16threadkit_common6configNtB6_6Config13load_from_envsh_0B8_
FN:282,_RNCNvMs_NtCsiekp5I1RHQt_16threadkit_common6configNtB6_6Config13load_from_envsi_0B8_
FN:291,_RNCNvMs_NtCsiekp5I1RHQt_16threadkit_common6configNtB6_6Config13load_from_envsj_0B8_
FN:298,_RNCNvMs_NtCsiekp5I1RHQt_16threadkit_common6configNtB6_6Config13load_from_envsk_0B8_
FN:299,_RNCNvMs_NtCsiekp5I1RHQt_16threadkit_common6configNtB6_6Config13load_from_envsl_0B8_
FN:302,_RNCNvMs_NtCsiekp5I1RHQt_16threadkit_common6configNtB6_6Config13load_from_envsm_0B8_
FN:304,_RNCNvMs_NtCsiekp5I1RHQt_16threadkit_common6configNtB6_6Config13load_from_envsn_0B8_
FN:307,_RNCNvMs_NtCsiekp5I1RHQt_16threadkit_common6configNtB6_6Config13load_from_envso_0B8_
FN:311,_RNCNvMs_NtCsiekp5I1RHQt_16threadkit_common6configNtB6_6Config13load_from_envsp_0B8_
FN:312,_RNCNvMs_NtCsiekp5I1RHQt_16threadkit_common6configNtB6_6Config13load_from_envsq_0B8_
FN:323,_RNCNvMs_NtCsiekp5I1RHQt_16threadkit_common6configNtB6_6Config13load_from_envsr_0B8_
FN:333,_RNCNvMs_NtCsiekp5I1RHQt_16threadkit_common6configNtB6_6Config13load_from_envss_0B8_
FN:336,_RNCNvMs_NtCsiekp5I1RHQt_16threadkit_common6configNtB6_6Config13load_from_envst_0B8_
FN:372,_RNCNvMs_NtCsiekp5I1RHQt_16threadkit_common6configNtB6_6Config14load_s3_config0B8_
FN:358,_RNCNvMs_NtCsiekp5I1RHQt_16threadkit_common6configNtB6_6Config19load_email_provider0B8_
FN:359,_RNCNvMs_NtCsiekp5I1RHQt_16threadkit_common6configNtB6_6Config19load_email_providers_0B8_
FN:393,_RNvMs_NtCsiekp5I1RHQt_16threadkit_common6configNtB4_6Config10standalone
FN:171,_RNvMs_NtCsiekp5I1RHQt_16threadkit_common6configNtB4_6Config13from_env_file
FN:389,_RNvMs_NtCsiekp5I1RHQt_16threadkit_common6configNtB4_6Config13is_standalone
FN:176,_RNvMs_NtCsiekp5I1RHQt_16threadkit_common6configNtB4_6Config13load_from_env
FN:370,_RNvMs_NtCsiekp5I1RHQt_16threadkit_common6configNtB4_6Config14load_s3_config
FN:353,_RNvMs_NtCsiekp5I1RHQt_16threadkit_common6configNtB4_6Config19load_email_provider
FN:341,_RNvMs_NtCsiekp5I1RHQt_16threadkit_common6configNtB4_6Config19load_oauth_provider
FN:165,_RNvMs_NtCsiekp5I1RHQt_16threadkit_common6configNtB4_6Config8from_env
FN:108,_RNvXNtCsiekp5I1RHQt_16threadkit_common6configNtB2_15RateLimitConfigNtNtCs85QQFkKrybG_4core7default7Default7default
FN:213,_RNCNCNvMs_NtCs9dCHYEAjrI1_16threadkit_common6configNtB8_6Config13load_from_envs3_00Ba_
FN:213,_RNCNCNvMs_NtCs9dCHYEAjrI1_16threadkit_common6configNtB8_6Config13load_from_envs3_0s_0Ba_
FN:269,_RNCNCNvMs_NtCs9dCHYEAjrI1_16threadkit_common6configNtB8_6Config13load_from_envsf_00Ba_
FN:178,_RNCNvMs_NtCs9dCHYEAjrI1_16threadkit_common6configNtB6_6Config13load_from_env0B8_
FN:186,_RNCNvMs_NtCs9dCHYEAjrI1_16threadkit_common6configNtB6_6Config13load_from_envs0_0B8_
FN:189,_RNCNvMs_NtCs9dCHYEAjrI1_16threadkit_common6configNtB6_6Config13load_from_envs1_0B8_
FN:191,_RNCNvMs_NtCs9dCHYEAjrI1_16threadkit_common6configNtB6_6Config13load_from_envs2_0B8_
FN:213,_RNCNvMs_NtCs9dCHYEAjrI1_16threadkit_common6configNtB6_6Config13load_from_envs3_0B8_
FN:226,_RNCNvMs_NtCs9dCHYEAjrI1_16threadkit_common6configNtB6_6Config13load_from_envs4_0B8_
FN:230,_RNCNvMs_NtCs9dCHYEAjrI1_16threadkit_common6configNtB6_6Config13load_from_envs5_0B8_
FN:234,_RNCNvMs_NtCs9dCHYEAjrI1_16threadkit_common6configNtB6_6Config13load_from_envs6_0B8_
FN:238,_RNCNvMs_NtCs9dCHYEAjrI1_16threadkit_common6configNtB6_6Config13load_from_envs7_0B8_
FN:242,_RNCNvMs_NtCs9dCHYEAjrI1_16threadkit_common6configNtB6_6Config13load_from_envs8_0B8_
FN:246,_RNCNvMs_NtCs9dCHYEAjrI1_16threadkit_common6configNtB6_6Config13load_from_envs9_0B8_
FN:185,_RNCNvMs_NtCs9dCHYEAjrI1_16threadkit_common6configNtB6_6Config13load_from_envs_0B8_
FN:250,_RNCNvMs_NtCs9dCHYEAjrI1_16threadkit_common6configNtB6_6Config13load_from_envsa_0B8_
FN:254,_RNCNvMs_NtCs9dCHYEAjrI1_16threadkit_common6configNtB6_6Config13load_from_envsb_0B8_
FN:258,_RNCNvMs_NtCs9dCHYEAjrI1_16threadkit_common6configNtB6_6Config13load_from_envsc_0B8_
FN:262,_RNCNvMs_NtCs9dCHYEAjrI1_16threadkit_common6configNtB6_6Config13load_from_envsd_0B8_
FN:266,_RNCNvMs_NtCs9dCHYEAjrI1_16threadkit_common6configNtB6_6Config13load_from_envse_0B8_
FN:269,_RNCNvMs_NtCs9dCHYEAjrI1_16threadkit_common6configNtB6_6Config13load_from_envsf_0B8_
FN:270,_RNCNvMs_NtCs9dCHYEAjrI1_16threadkit_common6configNtB6_6Config13load_from_envsg_0B8_
FN:275,_RNCNvMs_NtCs9dCHYEAjrI1_16threadkit_common6configNtB6_6Config13load_from_envsh_0B8_
FN:282,_RNCNvMs_NtCs9dCHYEAjrI1_16threadkit_common6configNtB6_6Config13load_from_envsi_0B8_
FN:291,_RNCNvMs_NtCs9dCHYEAjrI1_16threadkit_common6configNtB6_6Config13load_from_envsj_0B8_
FN:298,_RNCNvMs_NtCs9dCHYEAjrI1_16threadkit_common6configNtB6_6Config13load_from_envsk_0B8_
FN:299,_RNCNvMs_NtCs9dCHYEAjrI1_16threadkit_common6configNtB6_6Config13load_from_envsl_0B8_
FN:302,_RNCNvMs_NtCs9dCHYEAjrI1_16threadkit_common6configNtB6_6Config13load_from_envsm_0B8_
FN:304,_RNCNvMs_NtCs9dCHYEAjrI1_16threadkit_common6configNtB6_6Config13load_from_envsn_0B8_
FN:307,_RNCNvMs_NtCs9dCHYEAjrI1_16threadkit_common6configNtB6_6Config13load_from_envso_0B8_
FN:311,_RNCNvMs_NtCs9dCHYEAjrI1_16threadkit_common6configNtB6_6Config13load_from_envsp_0B8_
FN:312,_RNCNvMs_NtCs9dCHYEAjrI1_16threadkit_common6configNtB6_6Config13load_from_envsq_0B8_
FN:323,_RNCNvMs_NtCs9dCHYEAjrI1_16threadkit_common6configNtB6_6Config13load_from_envsr_0B8_
FN:333,_RNCNvMs_NtCs9dCHYEAjrI1_16threadkit_common6configNtB6_6Config13load_from_envss_0B8_
FN:336,_RNCNvMs_NtCs9dCHYEAjrI1_16threadkit_common6configNtB6_6Config13load_from_envst_0B8_
FN:372,_RNCNvMs_NtCs9dCHYEAjrI1_16threadkit_common6configNtB6_6Config14load_s3_config0B8_
FN:358,_RNCNvMs_NtCs9dCHYEAjrI1_16threadkit_common6configNtB6_6Config19load_email_provider0B8_
FN:359,_RNCNvMs_NtCs9dCHYEAjrI1_16threadkit_common6configNtB6_6Config19load_email_providers_0B8_
FN:393,_RNvMs_NtCs9dCHYEAjrI1_16threadkit_common6configNtB4_6Config10standalone
FN:171,_RNvMs_NtCs9dCHYEAjrI1_16threadkit_common6configNtB4_6Config13from_env_file
FN:389,_RNvMs_NtCs9dCHYEAjrI1_16threadkit_common6configNtB4_6Config13is_standalone
FN:176,_RNvMs_NtCs9dCHYEAjrI1_16threadkit_common6configNtB4_6Config13load_from_env
FN:370,_RNvMs_NtCs9dCHYEAjrI1_16threadkit_common6configNtB4_6Config14load_s3_config
FN:353,_RNvMs_NtCs9dCHYEAjrI1_16threadkit_common6configNtB4_6Config19load_email_provider
FN:341,_RNvMs_NtCs9dCHYEAjrI1_16threadkit_common6configNtB4_6Config19load_oauth_provider
FN:165,_RNvMs_NtCs9dCHYEAjrI1_16threadkit_common6configNtB4_6Config8from_env
FN:108,_RNvXNtCs9dCHYEAjrI1_16threadkit_common6configNtB2_15RateLimitConfigNtNtCs85QQFkKrybG_4core7default7Default7default
FNDA:0,_RNCNCNvMs_NtCsiekp5I1RHQt_16threadkit_common6configNtB8_6Config13load_from_envs3_00Ba_
FNDA:0,_RNCNCNvMs_NtCsiekp5I1RHQt_16threadkit_common6configNtB8_6Config13load_from_envs3_0s_0Ba_
FNDA:0,_RNCNCNvMs_NtCsiekp5I1RHQt_16threadkit_common6configNtB8_6Config13load_from_envsf_00Ba_
FNDA:0,_RNCNvMs_NtCsiekp5I1RHQt_16threadkit_common6configNtB6_6Config13load_from_env0B8_
FNDA:0,_RNCNvMs_NtCsiekp5I1RHQt_16threadkit_common6configNtB6_6Config13load_from_envs0_0B8_
FNDA:0,_RNCNvMs_NtCsiekp5I1RHQt_16threadkit_common6configNtB6_6Config13load_from_envs1_0B8_
FNDA:0,_RNCNvMs_NtCsiekp5I1RHQt_16threadkit_common6configNtB6_6Config13load_from_envs2_0B8_
FNDA:0,_RNCNvMs_NtCsiekp5I1RHQt_16threadkit_common6configNtB6_6Config13load_from_envs3_0B8_
FNDA:0,_RNCNvMs_NtCsiekp5I1RHQt_16threadkit_common6configNtB6_6Config13load_from_envs4_0B8_
FNDA:0,_RNCNvMs_NtCsiekp5I1RHQt_16threadkit_common6configNtB6_6Config13load_from_envs5_0B8_
FNDA:0,_RNCNvMs_NtCsiekp5I1RHQt_16threadkit_common6configNtB6_6Config13load_from_envs6_0B8_
FNDA:0,_RNCNvMs_NtCsiekp5I1RHQt_16threadkit_common6configNtB6_6Config13load_from_envs7_0B8_
FNDA:0,_RNCNvMs_NtCsiekp5I1RHQt_16threadkit_common6configNtB6_6Config13load_from_envs8_0B8_
FNDA:0,_RNCNvMs_NtCsiekp5I1RHQt_16threadkit_common6configNtB6_6Config13load_from_envs9_0B8_
FNDA:0,_RNCNvMs_NtCsiekp5I1RHQt_16threadkit_common6configNtB6_6Config13load_from_envs_0B8_
FNDA:0,_RNCNvMs_NtCsiekp5I1RHQt_16threadkit_common6configNtB6_6Config13load_from_envsa_0B8_
FNDA:0,_RNCNvMs_NtCsiekp5I1RHQt_16threadkit_common6configNtB6_6Config13load_from_envsb_0B8_
FNDA:0,_RNCNvMs_NtCsiekp5I1RHQt_16threadkit_common6configNtB6_6Config13load_from_envsc_0B8_
FNDA:0,_RNCNvMs_NtCsiekp5I1RHQt_16threadkit_common6configNtB6_6Config13load_from_envsd_0B8_
FNDA:0,_RNCNvMs_NtCsiekp5I1RHQt_16threadkit_common6configNtB6_6Config13load_from_envse_0B8_
FNDA:0,_RNCNvMs_NtCsiekp5I1RHQt_16threadkit_common6configNtB6_6Config13load_from_envsf_0B8_
FNDA:0,_RNCNvMs_NtCsiekp5I1RHQt_16threadkit_common6configNtB6_6Config13load_from_envsg_0B8_
FNDA:0,_RNCNvMs_NtCsiekp5I1RHQt_16threadkit_common6configNtB6_6Config13load_from_envsh_0B8_
FNDA:0,_RNCNvMs_NtCsiekp5I1RHQt_16threadkit_common6configNtB6_6Config13load_from_envsi_0B8_
FNDA:0,_RNCNvMs_NtCsiekp5I1RHQt_16threadkit_common6configNtB6_6Config13load_from_envsj_0B8_
FNDA:0,_RNCNvMs_NtCsiekp5I1RHQt_16threadkit_common6configNtB6_6Config13load_from_envsk_0B8_
FNDA:0,_RNCNvMs_NtCsiekp5I1RHQt_16threadkit_common6configNtB6_6Config13load_from_envsl_0B8_
FNDA:0,_RNCNvMs_NtCsiekp5I1RHQt_16threadkit_common6configNtB6_6Config13load_from_envsm_0B8_
FNDA:0,_RNCNvMs_NtCsiekp5I1RHQt_16threadkit_common6configNtB6_6Config13load_from_envsn_0B8_
FNDA:0,_RNCNvMs_NtCsiekp5I1RHQt_16threadkit_common6configNtB6_6Config13load_from_envso_0B8_
FNDA:0,_RNCNvMs_NtCsiekp5I1RHQt_16threadkit_common6configNtB6_6Config13load_from_envsp_0B8_
FNDA:0,_RNCNvMs_NtCsiekp5I1RHQt_16threadkit_common6configNtB6_6Config13load_from_envsq_0B8_
FNDA:0,_RNCNvMs_NtCsiekp5I1RHQt_16threadkit_common6configNtB6_6Config13load_from_envsr_0B8_
FNDA:0,_RNCNvMs_NtCsiekp5I1RHQt_16threadkit_common6configNtB6_6Config13load_from_envss_0B8_
FNDA:0,_RNCNvMs_NtCsiekp5I1RHQt_16threadkit_common6configNtB6_6Config13load_from_envst_0B8_
FNDA:0,_RNCNvMs_NtCsiekp5I1RHQt_16threadkit_common6configNtB6_6Config14load_s3_config0B8_
FNDA:0,_RNCNvMs_NtCsiekp5I1RHQt_16threadkit_common6configNtB6_6Config19load_email_provider0B8_
FNDA:0,_RNCNvMs_NtCsiekp5I1RHQt_16threadkit_common6configNtB6_6Config19load_email_providers_0B8_
FNDA:286,_RNvMs_NtCsiekp5I1RHQt_16threadkit_common6configNtB4_6Config10standalone
FNDA:0,_RNvMs_NtCsiekp5I1RHQt_16threadkit_common6configNtB4_6Config13from_env_file
FNDA:0,_RNvMs_NtCsiekp5I1RHQt_16threadkit_common6configNtB4_6Config13is_standalone
FNDA:0,_RNvMs_NtCsiekp5I1RHQt_16threadkit_common6configNtB4_6Config13load_from_env
FNDA:0,_RNvMs_NtCsiekp5I1RHQt_16threadkit_common6configNtB4_6Config14load_s3_config
FNDA:0,_RNvMs_NtCsiekp5I1RHQt_16threadkit_common6configNtB4_6Config19load_email_provider
FNDA:0,_RNvMs_NtCsiekp5I1RHQt_16threadkit_common6configNtB4_6Config19load_oauth_provider
FNDA:0,_RNvMs_NtCsiekp5I1RHQt_16threadkit_common6configNtB4_6Config8from_env
FNDA:0,_RNvXNtCsiekp5I1RHQt_16threadkit_common6configNtB2_15RateLimitConfigNtNtCs85QQFkKrybG_4core7default7Default7default
FNDA:0,_RNCNCNvMs_NtCs9dCHYEAjrI1_16threadkit_common6configNtB8_6Config13load_from_envs3_00Ba_
FNDA:0,_RNCNCNvMs_NtCs9dCHYEAjrI1_16threadkit_common6configNtB8_6Config13load_from_envs3_0s_0Ba_
FNDA:0,_RNCNCNvMs_NtCs9dCHYEAjrI1_16threadkit_common6configNtB8_6Config13load_from_envsf_00Ba_
FNDA:0,_RNCNvMs_NtCs9dCHYEAjrI1_16threadkit_common6configNtB6_6Config13load_from_env0B8_
FNDA:0,_RNCNvMs_NtCs9dCHYEAjrI1_16threadkit_common6configNtB6_6Config13load_from_envs0_0B8_
FNDA:0,_RNCNvMs_NtCs9dCHYEAjrI1_16threadkit_common6configNtB6_6Config13load_from_envs1_0B8_
FNDA:0,_RNCNvMs_NtCs9dCHYEAjrI1_16threadkit_common6configNtB6_6Config13load_from_envs2_0B8_
FNDA:0,_RNCNvMs_NtCs9dCHYEAjrI1_16threadkit_common6configNtB6_6Config13load_from_envs3_0B8_
FNDA:0,_RNCNvMs_NtCs9dCHYEAjrI1_16threadkit_common6configNtB6_6Config13load_from_envs4_0B8_
FNDA:0,_RNCNvMs_NtCs9dCHYEAjrI1_16threadkit_common6configNtB6_6Config13load_from_envs5_0B8_
FNDA:0,_RNCNvMs_NtCs9dCHYEAjrI1_16threadkit_common6configNtB6_6Config13load_from_envs6_0B8_
FNDA:0,_RNCNvMs_NtCs9dCHYEAjrI1_16threadkit_common6configNtB6_6Config13load_from_envs7_0B8_
FNDA:0,_RNCNvMs_NtCs9dCHYEAjrI1_16threadkit_common6configNtB6_6Config13load_from_envs8_0B8_
FNDA:0,_RNCNvMs_NtCs9dCHYEAjrI1_16threadkit_common6configNtB6_6Config13load_from_envs9_0B8_
FNDA:0,_RNCNvMs_NtCs9dCHYEAjrI1_16threadkit_common6configNtB6_6Config13load_from_envs_0B8_
FNDA:0,_RNCNvMs_NtCs9dCHYEAjrI1_16threadkit_common6configNtB6_6Config13load_from_envsa_0B8_
FNDA:0,_RNCNvMs_NtCs9dCHYEAjrI1_16threadkit_common6configNtB6_6Config13load_from_envsb_0B8_
FNDA:0,_RNCNvMs_NtCs9dCHYEAjrI1_16threadkit_common6configNtB6_6Config13load_from_envsc_0B8_
FNDA:0,_RNCNvMs_NtCs9dCHYEAjrI1_16threadkit_common6configNtB6_6Config13load_from_envsd_0B8_
FNDA:0,_RNCNvMs_NtCs9dCHYEAjrI1_16threadkit_common6configNtB6_6Config13load_from_envse_0B8_
FNDA:0,_RNCNvMs_NtCs9dCHYEAjrI1_16threadkit_common6configNtB6_6Config13load_from_envsf_0B8_
FNDA:0,_RNCNvMs_NtCs9dCHYEAjrI1_16threadkit_common6configNtB6_6Config13load_from_envsg_0B8_
FNDA:0,_RNCNvMs_NtCs9dCHYEAjrI1_16threadkit_common6configNtB6_6Config13load_from_envsh_0B8_
FNDA:0,_RNCNvMs_NtCs9dCHYEAjrI1_16threadkit_common6configNtB6_6Config13load_from_envsi_0B8_
FNDA:0,_RNCNvMs_NtCs9dCHYEAjrI1_16threadkit_common6configNtB6_6Config13load_from_envsj_0B8_
FNDA:0,_RNCNvMs_NtCs9dCHYEAjrI1_16threadkit_common6configNtB6_6Config13load_from_envsk_0B8_
FNDA:0,_RNCNvMs_NtCs9dCHYEAjrI1_16threadkit_common6configNtB6_6Config13load_from_envsl_0B8_
FNDA:0,_RNCNvMs_NtCs9dCHYEAjrI1_16threadkit_common6configNtB6_6Config13load_from_envsm_0B8_
FNDA:0,_RNCNvMs_NtCs9dCHYEAjrI1_16threadkit_common6configNtB6_6Config13load_from_envsn_0B8_
FNDA:0,_RNCNvMs_NtCs9dCHYEAjrI1_16threadkit_common6configNtB6_6Config13load_from_envso_0B8_
FNDA:0,_RNCNvMs_NtCs9dCHYEAjrI1_16threadkit_common6configNtB6_6Config13load_from_envsp_0B8_
FNDA:0,_RNCNvMs_NtCs9dCHYEAjrI1_16threadkit_common6configNtB6_6Config13load_from_envsq_0B8_
FNDA:0,_RNCNvMs_NtCs9dCHYEAjrI1_16threadkit_common6configNtB6_6Config13load_from_envsr_0B8_
FNDA:0,_RNCNvMs_NtCs9dCHYEAjrI1_16threadkit_common6configNtB6_6Config13load_from_envss_0B8_
FNDA:0,_RNCNvMs_NtCs9dCHYEAjrI1_16threadkit_common6configNtB6_6Config13load_from_envst_0B8_
FNDA:0,_RNCNvMs_NtCs9dCHYEAjrI1_16threadkit_common6configNtB6_6Config14load_s3_config0B8_
FNDA:0,_RNCNvMs_NtCs9dCHYEAjrI1_16threadkit_common6configNtB6_6Config19load_email_provider0B8_
FNDA:0,_RNCNvMs_NtCs9dCHYEAjrI1_16threadkit_common6configNtB6_6Config19load_email_providers_0B8_
FNDA:0,_RNvMs_NtCs9dCHYEAjrI1_16threadkit_common6configNtB4_6Config10standalone
FNDA:0,_RNvMs_NtCs9dCHYEAjrI1_16threadkit_common6configNtB4_6Config13from_env_file
FNDA:0,_RNvMs_NtCs9dCHYEAjrI1_16threadkit_common6configNtB4_6Config13is_standalone
FNDA:0,_RNvMs_NtCs9dCHYEAjrI1_16threadkit_common6configNtB4_6Config13load_from_env
FNDA:0,_RNvMs_NtCs9dCHYEAjrI1_16threadkit_common6configNtB4_6Config14load_s3_config
FNDA:0,_RNvMs_NtCs9dCHYEAjrI1_16threadkit_common6configNtB4_6Config19load_email_provider
FNDA:0,_RNvMs_NtCs9dCHYEAjrI1_16threadkit_common6configNtB4_6Config19load_oauth_provider
FNDA:0,_RNvMs_NtCs9dCHYEAjrI1_16threadkit_common6configNtB4_6Config8from_env
FNDA:0,_RNvXNtCs9dCHYEAjrI1_16threadkit_common6configNtB2_15RateLimitConfigNtNtCs85QQFkKrybG_4core7default7Default7default
FNF:47
FNH:1
DA:108,0
DA:109,0
DA:110,0
DA:111,0
DA:112,0
DA:113,0
DA:114,0
DA:115,0
DA:116,0
DA:117,0
DA:118,0
DA:119,0
DA:120,0
DA:121,0
DA:122,0
DA:123,0
DA:165,0
DA:166,0
DA:167,0
DA:168,0
DA:171,0
DA:172,0
DA:173,0
DA:174,0
DA:176,0
DA:178,0
DA:179,0
DA:183,0
DA:184,0
DA:185,0
DA:186,0
DA:188,0
DA:189,0
DA:190,0
DA:191,0
DA:194,0
DA:195,0
DA:196,0
DA:197,0
DA:198,0
DA:199,0
DA:200,0
DA:201,0
DA:202,0
DA:203,0
DA:204,0
DA:205,0
DA:207,0
DA:210,0
DA:211,0
DA:212,0
DA:213,0
DA:214,0
DA:219,0
DA:220,0
DA:221,0
DA:222,0
DA:224,0
DA:225,0
DA:226,0
DA:227,0
DA:228,0
DA:229,0
DA:230,0
DA:231,0
DA:232,0
DA:233,0
DA:234,0
DA:235,0
DA:236,0
DA:237,0
DA:238,0
DA:239,0
DA:240,0
DA:241,0
DA:242,0
DA:243,0
DA:244,0
DA:245,0
DA:246,0
DA:247,0
DA:248,0
DA:249,0
DA:250,0
DA:251,0
DA:252,0
DA:253,0
DA:254,0
DA:255,0
DA:256,0
DA:257,0
DA:258,0
DA:259,0
DA:260,0
DA:261,0
DA:262,0
DA:263,0
DA:264,0
DA:265,0
DA:266,0
DA:267,0
DA:268,0
DA:269,0
DA:270,0
DA:273,0
DA:274,0
DA:275,0
DA:276,0
DA:277,0
DA:278,0
DA:279,0
DA:280,0
DA:281,0
DA:282,0
DA:283,0
DA:286,0
DA:287,0
DA:288,0
DA:290,0
DA:291,0
DA:294,0
DA:297,0
DA:298,0
DA:299,0
DA:300,0
DA:301,0
DA:302,0
DA:303,0
DA:304,0
DA:305,0
DA:306,0
DA:307,0
DA:308,0
DA:309,0
DA:310,0
DA:311,0
DA:312,0
DA:313,0
DA:314,0
DA:315,0
DA:316,0
DA:317,0
DA:318,0
DA:319,0
DA:320,0
DA:321,0
DA:322,0
DA:323,0
DA:324,0
DA:325,0
DA:326,0
DA:327,0
DA:328,0
DA:329,0
DA:330,0
DA:331,0
DA:332,0
DA:333,0
DA:334,0
DA:335,0
DA:336,0
DA:337,0
DA:339,0
DA:341,0
DA:342,0
DA:343,0
DA:344,0
DA:346,0
DA:347,0
DA:348,0
DA:349,0
DA:350,0
DA:351,0
DA:353,0
DA:354,0
DA:356,0
DA:357,0
DA:358,0
DA:359,0
DA:361,0
DA:362,0
DA:363,0
DA:364,0
DA:366,0
DA:368,0
DA:370,0
DA:371,0
DA:372,0
DA:373,0
DA:375,0
DA:376,0
DA:377,0
DA:380,0
DA:381,0
DA:382,0
DA:383,0
DA:384,0
DA:385,0
DA:387,0
DA:389,0
DA:390,0
DA:391,0
DA:393,286
DA:394,286
DA:395,286
DA:396,0
DA:398,286
BRF:0
BRH:0
LF:245
LH:4
end_of_record
SF:/Users/jt/code/threadkit/server/crates/common/src/error.rs
FN:51,_RNvMNtCsiekp5I1RHQt_16threadkit_common5errorNtB2_5Error11status_code
FN:51,_RNvMNtCs9dCHYEAjrI1_16threadkit_common5errorNtB2_5Error11status_code
FNDA:0,_RNvMNtCsiekp5I1RHQt_16threadkit_common5errorNtB2_5Error11status_code
FNDA:0,_RNvMNtCs9dCHYEAjrI1_16threadkit_common5errorNtB2_5Error11status_code
FNF:1
FNH:0
DA:51,0
DA:52,0
DA:53,0
DA:54,0
DA:55,0
DA:56,0
DA:57,0
DA:58,0
DA:59,0
DA:60,0
DA:62,0
BRF:0
BRH:0
LF:11
LH:0
end_of_record
SF:/Users/jt/code/threadkit/server/crates/common/src/image_processing.rs
FN:30,_RNvNtCsiekp5I1RHQt_16threadkit_common16image_processing13resize_avatar
FN:70,_RNvNtCsiekp5I1RHQt_16threadkit_common16image_processing14validate_image
FN:107,_RNvNtCsiekp5I1RHQt_16threadkit_common16image_processing15convert_to_webp
FN:136,_RNvNtCsiekp5I1RHQt_16threadkit_common16image_processing18is_safe_image_mime
FN:144,_RNvNtCsiekp5I1RHQt_16threadkit_common16image_processing19format_to_mime_type
FN:30,_RNvNtCs9dCHYEAjrI1_16threadkit_common16image_processing13resize_avatar
FN:70,_RNvNtCs9dCHYEAjrI1_16threadkit_common16image_processing14validate_image
FN:107,_RNvNtCs9dCHYEAjrI1_16threadkit_common16image_processing15convert_to_webp
FN:136,_RNvNtCs9dCHYEAjrI1_16threadkit_common16image_processing18is_safe_image_mime
FN:144,_RNvNtCs9dCHYEAjrI1_16threadkit_common16image_processing19format_to_mime_type
FN:160,_RNvNtNtCs9dCHYEAjrI1_16threadkit_common16image_processing5tests17create_test_image
FN:232,_RNvNtNtCs9dCHYEAjrI1_16threadkit_common16image_processing5testss_18test_resize_avatar
FN:243,_RNvNtNtCs9dCHYEAjrI1_16threadkit_common16image_processing5testss_20test_convert_to_webp
FN:220,_RNvNtNtCs9dCHYEAjrI1_16threadkit_common16image_processing5testss_23test_is_safe_image_mime
FN:169,_RNvNtNtCs9dCHYEAjrI1_16threadkit_common16image_processing5testss_26test_validate_image_normal
FN:211,_RNvNtNtCs9dCHYEAjrI1_16threadkit_common16image_processing5testss_29test_validate_image_at_limits
FN:201,_RNvNtNtCs9dCHYEAjrI1_16threadkit_common16image_processing5testss_30test_validate_image_max_pixels
FN:179,_RNvNtNtCs9dCHYEAjrI1_16threadkit_common16image_processing5testss_39test_validate_image_max_dimension_width
FN:190,_RNvNtNtCs9dCHYEAjrI1_16threadkit_common16image_processing5testss_40test_validate_image_max_dimension_height
FNDA:0,_RNvNtCsiekp5I1RHQt_16threadkit_common16image_processing13resize_avatar
FNDA:0,_RNvNtCsiekp5I1RHQt_16threadkit_common16image_processing14validate_image
FNDA:0,_RNvNtCsiekp5I1RHQt_16threadkit_common16image_processing15convert_to_webp
FNDA:0,_RNvNtCsiekp5I1RHQt_16threadkit_common16image_processing18is_safe_image_mime
FNDA:0,_RNvNtCsiekp5I1RHQt_16threadkit_common16image_processing19format_to_mime_type
FNDA:1,_RNvNtCs9dCHYEAjrI1_16threadkit_common16image_processing13resize_avatar
FNDA:5,_RNvNtCs9dCHYEAjrI1_16threadkit_common16image_processing14validate_image
FNDA:1,_RNvNtCs9dCHYEAjrI1_16threadkit_common16image_processing15convert_to_webp
FNDA:8,_RNvNtCs9dCHYEAjrI1_16threadkit_common16image_processing18is_safe_image_mime
FNDA:2,_RNvNtCs9dCHYEAjrI1_16threadkit_common16image_processing19format_to_mime_type
FNDA:7,_RNvNtNtCs9dCHYEAjrI1_16threadkit_common16image_processing5tests17create_test_image
FNDA:1,_RNvNtNtCs9dCHYEAjrI1_16threadkit_common16image_processing5testss_18test_resize_avatar
FNDA:1,_RNvNtNtCs9dCHYEAjrI1_16threadkit_common16image_processing5testss_20test_convert_to_webp
FNDA:1,_RNvNtNtCs9dCHYEAjrI1_16threadkit_common16image_processing5testss_23test_is_safe_image_mime
FNDA:1,_RNvNtNtCs9dCHYEAjrI1_16threadkit_common16image_processing5testss_26test_validate_image_normal
FNDA:1,_RNvNtNtCs9dCHYEAjrI1_16threadkit_common16image_processing5testss_29test_validate_image_at_limits
FNDA:1,_RNvNtNtCs9dCHYEAjrI1_16threadkit_common16image_processing5testss_30test_validate_image_max_pixels
FNDA:1,_RNvNtNtCs9dCHYEAjrI1_16threadkit_common16image_processing5testss_39test_validate_image_max_dimension_width
FNDA:1,_RNvNtNtCs9dCHYEAjrI1_16threadkit_common16image_processing5testss_40test_validate_image_max_dimension_height
FNF:14
FNH:14
DA:30,1
DA:31,1
DA:32,1
DA:35,1
DA:38,1
DA:39,1
DA:40,1
DA:42,1
DA:43,1
DA:44,1
DA:46,0
DA:49,1
DA:50,1
DA:51,1
DA:52,1
DA:53,1
DA:54,1
DA:56,1
DA:57,1
DA:70,5
DA:71,5
DA:72,5
DA:74,5
DA:75,5
DA:78,5
DA:79,2
DA:80,2
DA:85,3
DA:87,3
DA:88,3
DA:89,1
DA:90,1
DA:94,2
DA:96,2
DA:97,5
DA:107,1
DA:108,1
DA:109,1
DA:112,1
DA:113,1
DA:114,1
DA:116,1
DA:117,1
DA:118,1
DA:120,0
DA:123,1
DA:124,1
DA:125,1
DA:126,1
DA:127,1
DA:128,1
DA:130,1
DA:131,1
DA:136,8
DA:137,5
DA:138,8
DA:139,8
DA:141,8
DA:144,2
DA:145,2
DA:146,0
DA:147,2
DA:148,0
DA:149,0
DA:150,0
DA:152,2
DA:153,2
DA:160,7
DA:161,7
DA:162,7
DA:163,7
DA:164,7
DA:165,7
DA:166,7
DA:169,1
DA:170,1
DA:171,1
DA:172,1
DA:173,1
DA:174,1
DA:175,1
DA:176,1
DA:179,1
DA:180,1
DA:181,1
DA:182,1
DA:183,1
DA:184,1
DA:185,1
DA:186,1
DA:187,1
DA:190,1
DA:191,1
DA:192,1
DA:193,1
DA:194,1
DA:195,1
DA:196,1
DA:197,1
DA:198,1
DA:201,1
DA:204,1
DA:205,1
DA:206,1
DA:207,1
DA:208,1
DA:211,1
DA:214,1
DA:215,1
DA:216,1
DA:217,1
DA:220,1
DA:221,1
DA:222,1
DA:223,1
DA:224,1
DA:225,1
DA:226,1
DA:227,1
DA:228,1
DA:229,1
DA:232,1
DA:233,1
DA:234,1
DA:235,1
DA:236,1
DA:237,1
DA:238,1
DA:239,1
DA:240,1
DA:243,1
DA:244,1
DA:245,1
DA:246,1
DA:247,1
DA:248,1
DA:249,1
DA:250,1
DA:251,1
DA:252,1
BRF:0
BRH:0
LF:140
LH:134
end_of_record
SF:/Users/jt/code/threadkit/server/crates/common/src/moderation.rs
FN:78,_RNCNCNvMNtCsiekp5I1RHQt_16threadkit_common10moderationNtB6_16ModerationClient8moderate00CsaszyX3GTrYE_14threadkit_http
FN:102,_RNCNvMNtCsiekp5I1RHQt_16threadkit_common10moderationNtB4_16ModerationClient5check0CsaszyX3GTrYE_14threadkit_http
FN:38,_RNCNvMNtCsiekp5I1RHQt_16threadkit_common10moderationNtB4_16ModerationClient8moderate0CsaszyX3GTrYE_14threadkit_http
FN:30,_RNvMNtCsiekp5I1RHQt_16threadkit_common10moderationNtB2_16ModerationClient10is_enabled
FN:130,_RNvMNtCsiekp5I1RHQt_16threadkit_common10moderationNtB2_16ModerationClient14map_categories
FN:148,_RNvMNtCsiekp5I1RHQt_16threadkit_common10moderationNtB2_16ModerationClient18get_flagged_reason
FN:21,_RNvMNtCsiekp5I1RHQt_16threadkit_common10moderationNtB2_16ModerationClient3new
FN:98,_RNvMNtCsiekp5I1RHQt_16threadkit_common10moderationNtB2_16ModerationClient5check
FN:38,_RNvMNtCsiekp5I1RHQt_16threadkit_common10moderationNtB2_16ModerationClient8moderate
FN:279,_RNvNtNtCs9dCHYEAjrI1_16threadkit_common10moderation5testss_27test_is_blocked_hate_speech
FN:292,_RNvNtNtCs9dCHYEAjrI1_16threadkit_common10moderation5testss_31test_is_blocked_below_threshold
FN:302,_RNvNtNtCs9dCHYEAjrI1_16threadkit_common10moderation5testss_33test_is_blocked_category_disabled
FN:78,_RNCNCNvMNtCs9dCHYEAjrI1_16threadkit_common10moderationNtB6_16ModerationClient8moderate00B8_
FN:102,_RNCNvMNtCs9dCHYEAjrI1_16threadkit_common10moderationNtB4_16ModerationClient5check0B6_
FN:38,_RNCNvMNtCs9dCHYEAjrI1_16threadkit_common10moderationNtB4_16ModerationClient8moderate0B6_
FN:30,_RNvMNtCs9dCHYEAjrI1_16threadkit_common10moderationNtB2_16ModerationClient10is_enabled
FN:130,_RNvMNtCs9dCHYEAjrI1_16threadkit_common10moderationNtB2_16ModerationClient14map_categories
FN:148,_RNvMNtCs9dCHYEAjrI1_16threadkit_common10moderationNtB2_16ModerationClient18get_flagged_reason
FN:21,_RNvMNtCs9dCHYEAjrI1_16threadkit_common10moderationNtB2_16ModerationClient3new
FN:98,_RNvMNtCs9dCHYEAjrI1_16threadkit_common10moderationNtB2_16ModerationClient5check
FN:38,_RNvMNtCs9dCHYEAjrI1_16threadkit_common10moderationNtB2_16ModerationClient8moderate
FN:78,_RNCNCNvMNtCsiekp5I1RHQt_16threadkit_common10moderationNtB6_16ModerationClient8moderate00CskwAV7ptXVKm_14threadkit_http
FN:102,_RNCNvMNtCsiekp5I1RHQt_16threadkit_common10moderationNtB4_16ModerationClient5check0CskwAV7ptXVKm_14threadkit_http
FN:38,_RNCNvMNtCsiekp5I1RHQt_16threadkit_common10moderationNtB4_16ModerationClient8moderate0CskwAV7ptXVKm_14threadkit_http
FNDA:0,_RNCNCNvMNtCsiekp5I1RHQt_16threadkit_common10moderationNtB6_16ModerationClient8moderate00CsaszyX3GTrYE_14threadkit_http
FNDA:46,_RNCNvMNtCsiekp5I1RHQt_16threadkit_common10moderationNtB4_16ModerationClient5check0CsaszyX3GTrYE_14threadkit_http
FNDA:0,_RNCNvMNtCsiekp5I1RHQt_16threadkit_common10moderationNtB4_16ModerationClient8moderate0CsaszyX3GTrYE_14threadkit_http
FNDA:108,_RNvMNtCsiekp5I1RHQt_16threadkit_common10moderationNtB2_16ModerationClient10is_enabled
FNDA:0,_RNvMNtCsiekp5I1RHQt_16threadkit_common10moderationNtB2_16ModerationClient14map_categories
FNDA:0,_RNvMNtCsiekp5I1RHQt_16threadkit_common10moderationNtB2_16ModerationClient18get_flagged_reason
FNDA:62,_RNvMNtCsiekp5I1RHQt_16threadkit_common10moderationNtB2_16ModerationClient3new
FNDA:46,_RNvMNtCsiekp5I1RHQt_16threadkit_common10moderationNtB2_16ModerationClient5check
FNDA:0,_RNvMNtCsiekp5I1RHQt_16threadkit_common10moderationNtB2_16ModerationClient8moderate
FNDA:1,_RNvNtNtCs9dCHYEAjrI1_16threadkit_common10moderation5testss_27test_is_blocked_hate_speech
FNDA:1,_RNvNtNtCs9dCHYEAjrI1_16threadkit_common10moderation5testss_31test_is_blocked_below_threshold
FNDA:1,_RNvNtNtCs9dCHYEAjrI1_16threadkit_common10moderation5testss_33test_is_blocked_category_disabled
FNDA:0,_RNCNCNvMNtCs9dCHYEAjrI1_16threadkit_common10moderationNtB6_16ModerationClient8moderate00B8_
FNDA:0,_RNCNvMNtCs9dCHYEAjrI1_16threadkit_common10moderationNtB4_16ModerationClient5check0B6_
FNDA:0,_RNCNvMNtCs9dCHYEAjrI1_16threadkit_common10moderationNtB4_16ModerationClient8moderate0B6_
FNDA:0,_RNvMNtCs9dCHYEAjrI1_16threadkit_common10moderationNtB2_16ModerationClient10is_enabled
FNDA:0,_RNvMNtCs9dCHYEAjrI1_16threadkit_common10moderationNtB2_16ModerationClient14map_categories
FNDA:0,_RNvMNtCs9dCHYEAjrI1_16threadkit_common10moderationNtB2_16ModerationClient18get_flagged_reason
FNDA:0,_RNvMNtCs9dCHYEAjrI1_16threadkit_common10moderationNtB2_16ModerationClient3new
FNDA:0,_RNvMNtCs9dCHYEAjrI1_16threadkit_common10moderationNtB2_16ModerationClient5check
FNDA:0,_RNvMNtCs9dCHYEAjrI1_16threadkit_common10moderationNtB2_16ModerationClient8moderate
FNDA:0,_RNCNCNvMNtCsiekp5I1RHQt_16threadkit_common10moderationNtB6_16ModerationClient8moderate00CskwAV7ptXVKm_14threadkit_http
FNDA:0,_RNCNvMNtCsiekp5I1RHQt_16threadkit_common10moderationNtB4_16ModerationClient5check0CskwAV7ptXVKm_14threadkit_http
FNDA:0,_RNCNvMNtCsiekp5I1RHQt_16threadkit_common10moderationNtB4_16ModerationClient8moderate0CskwAV7ptXVKm_14threadkit_http
FNF:12
FNH:7
DA:21,62
DA:22,62
DA:23,62
DA:24,62
DA:26,62
DA:27,62
DA:30,108
DA:31,108
DA:32,0
DA:33,0
DA:34,0
DA:35,108
DA:38,0
DA:39,0
DA:40,0
DA:41,0
DA:42,0
DA:43,0
DA:44,0
DA:45,0
DA:47,0
DA:48,0
DA:49,0
DA:52,0
DA:54,0
DA:55,0
DA:56,0
DA:57,0
DA:59,0
DA:60,0
DA:61,0
DA:62,0
DA:63,0
DA:64,0
DA:65,0
DA:66,0
DA:68,0
DA:69,0
DA:70,0
DA:71,0
DA:72,0
DA:73,0
DA:75,0
DA:78,0
DA:79,0
DA:80,0
DA:82,0
DA:83,0
DA:84,0
DA:85,0
DA:87,0
DA:90,0
DA:91,0
DA:92,0
DA:93,0
DA:94,0
DA:95,0
DA:98,46
DA:99,46
DA:100,46
DA:101,46
DA:102,46
DA:104,46
DA:105,46
DA:106,0
DA:108,0
DA:111,0
DA:112,0
DA:113,0
DA:114,0
DA:115,0
DA:118,0
DA:120,0
DA:121,0
DA:122,0
DA:123,0
DA:124,0
DA:126,0
DA:127,46
DA:130,0
DA:131,0
DA:132,0
DA:133,0
DA:134,0
DA:135,0
DA:136,0
DA:137,0
DA:138,0
DA:139,0
DA:140,0
DA:141,0
DA:142,0
DA:143,0
DA:144,0
DA:145,0
DA:148,0
DA:149,0
DA:151,0
DA:152,0
DA:153,0
DA:154,0
DA:155,0
DA:156,0
DA:157,0
DA:158,0
DA:159,0
DA:160,0
DA:161,0
DA:162,0
DA:163,0
DA:164,0
DA:165,0
DA:166,0
DA:167,0
DA:168,0
DA:169,0
DA:171,0
DA:172,0
DA:174,0
DA:176,0
DA:279,1
DA:280,1
DA:281,1
DA:282,1
DA:283,1
DA:284,1
DA:285,1
DA:286,1
DA:287,1
DA:289,1
DA:292,1
DA:293,1
DA:294,1
DA:295,1
DA:296,1
DA:297,1
DA:298,1
DA:299,1
DA:302,1
DA:303,1
DA:304,1
DA:305,1
DA:306,1
DA:307,1
DA:308,1
DA:309,1
DA:310,1
DA:311,1
DA:312,1
BRF:0
BRH:0
LF:153
LH:47
end_of_record
SF:/Users/jt/code/threadkit/server/crates/common/src/redis.rs
FN:57,_RNCNCNvMNtCsiekp5I1RHQt_16threadkit_common5redisNtB6_11RedisClient16load_lua_scripts00CsfD1Skel4Vam_10auth_tests
FN:66,_RNCNCNvMNtCsiekp5I1RHQt_16threadkit_common5redisNtB6_11RedisClient16load_lua_scripts0s0_0CsfD1Skel4Vam_10auth_tests
FN:67,_RNCNCNvMNtCsiekp5I1RHQt_16threadkit_common5redisNtB6_11RedisClient16load_lua_scripts0s1_0CsfD1Skel4Vam_10auth_tests
FN:70,_RNCNCNvMNtCsiekp5I1RHQt_16threadkit_common5redisNtB6_11RedisClient16load_lua_scripts0s2_0CsfD1Skel4Vam_10auth_tests
FN:72,_RNCNCNvMNtCsiekp5I1RHQt_16threadkit_common5redisNtB6_11RedisClient16load_lua_scripts0s3_0CsfD1Skel4Vam_10auth_tests
FN:73,_RNCNCNvMNtCsiekp5I1RHQt_16threadkit_common5redisNtB6_11RedisClient16load_lua_scripts0s4_0CsfD1Skel4Vam_10auth_tests
FN:76,_RNCNCNvMNtCsiekp5I1RHQt_16threadkit_common5redisNtB6_11RedisClient16load_lua_scripts0s5_0CsfD1Skel4Vam_10auth_tests
FN:89,_RNCNCNvMNtCsiekp5I1RHQt_16threadkit_common5redisNtB6_11RedisClient16load_lua_scripts0s6_0CsfD1Skel4Vam_10auth_tests
FN:58,_RNCNCNvMNtCsiekp5I1RHQt_16threadkit_common5redisNtB6_11RedisClient16load_lua_scripts0s_0CsfD1Skel4Vam_10auth_tests
FN:52,_RNCNvMNtCsiekp5I1RHQt_16threadkit_common5redisNtB4_11RedisClient16load_lua_scripts0CsfD1Skel4Vam_10auth_tests
FN:40,_RNCNvMNtCsiekp5I1RHQt_16threadkit_common5redisNtB4_11RedisClient3new0CsfD1Skel4Vam_10auth_tests
FN:1982,_RINvMNtCsiekp5I1RHQt_16threadkit_common5redisNtB3_11RedisClient12hgetall_jsonNtNtB5_5types4UserECsaszyX3GTrYE_14threadkit_http
FN:1982,_RINvMNtCsiekp5I1RHQt_16threadkit_common5redisNtB3_11RedisClient12hgetall_jsonNtNtB5_5types7CommentECsaszyX3GTrYE_14threadkit_http
FN:1982,_RINvMNtCsiekp5I1RHQt_16threadkit_common5redisNtB3_11RedisClient12hgetall_jsonNtNtB5_5types9MediaInfoECsaszyX3GTrYE_14threadkit_http
FN:2009,_RINvMNtCsiekp5I1RHQt_16threadkit_common5redisNtB3_11RedisClient12hsetall_jsonNtNtB5_5types4UserECsaszyX3GTrYE_14threadkit_http
FN:2009,_RINvMNtCsiekp5I1RHQt_16threadkit_common5redisNtB3_11RedisClient12hsetall_jsonNtNtB5_5types9MediaInfoECsaszyX3GTrYE_14threadkit_http
FN:1982,_RNCINvMNtCsiekp5I1RHQt_16threadkit_common5redisNtB5_11RedisClient12hgetall_jsonNtNtB7_5types4UserE0CsaszyX3GTrYE_14threadkit_http
FN:1982,_RNCINvMNtCsiekp5I1RHQt_16threadkit_common5redisNtB5_11RedisClient12hgetall_jsonNtNtB7_5types7CommentE0CsaszyX3GTrYE_14threadkit_http
FN:1982,_RNCINvMNtCsiekp5I1RHQt_16threadkit_common5redisNtB5_11RedisClient12hgetall_jsonNtNtB7_5types9MediaInfoE0CsaszyX3GTrYE_14threadkit_http
FN:2009,_RNCINvMNtCsiekp5I1RHQt_16threadkit_common5redisNtB5_11RedisClient12hsetall_jsonNtNtB7_5types4UserE0CsaszyX3GTrYE_14threadkit_http
FN:2009,_RNCINvMNtCsiekp5I1RHQt_16threadkit_common5redisNtB5_11RedisClient12hsetall_jsonNtNtB7_5types9MediaInfoE0CsaszyX3GTrYE_14threadkit_http
FN:2000,_RNCNCINvMNtCsiekp5I1RHQt_16threadkit_common5redisNtB7_11RedisClient12hgetall_jsonNtNtB9_5types4UserE00CsaszyX3GTrYE_14threadkit_http
FN:2000,_RNCNCINvMNtCsiekp5I1RHQt_16threadkit_common5redisNtB7_11RedisClient12hgetall_jsonNtNtB9_5types7CommentE00CsaszyX3GTrYE_14threadkit_http
FN:2000,_RNCNCINvMNtCsiekp5I1RHQt_16threadkit_common5redisNtB7_11RedisClient12hgetall_jsonNtNtB9_5types9MediaInfoE00CsaszyX3GTrYE_14threadkit_http
FN:2014,_RNCNCINvMNtCsiekp5I1RHQt_16threadkit_common5redisNtB7_11RedisClient12hsetall_jsonNtNtB9_5types4UserE00CsaszyX3GTrYE_14threadkit_http
FN:2014,_RNCNCINvMNtCsiekp5I1RHQt_16threadkit_common5redisNtB7_11RedisClient12hsetall_jsonNtNtB9_5types9MediaInfoE00CsaszyX3GTrYE_14threadkit_http
FN:1907,_RNCNCNCNvMNtCsiekp5I1RHQt_16threadkit_common5redisNtB8_11RedisClient19get_pinned_comments000CsaszyX3GTrYE_14threadkit_http
FN:933,_RNCNCNvMNtCsiekp5I1RHQt_16threadkit_common5redisNtB6_11RedisClient10get_admins00CsaszyX3GTrYE_14threadkit_http
FN:820,_RNCNCNvMNtCsiekp5I1RHQt_16threadkit_common5redisNtB6_11RedisClient11atomic_vote00CsaszyX3GTrYE_14threadkit_http
FN:843,_RNCNCNvMNtCsiekp5I1RHQt_16threadkit_common5redisNtB6_11RedisClient11atomic_vote0s0_0CsaszyX3GTrYE_14threadkit_http
FN:845,_RNCNCNvMNtCsiekp5I1RHQt_16threadkit_common5redisNtB6_11RedisClient11atomic_vote0s1_0CsaszyX3GTrYE_14threadkit_http
FN:871,_RNCNCNvMNtCsiekp5I1RHQt_16threadkit_common5redisNtB6_11RedisClient11atomic_vote0s2_0CsaszyX3GTrYE_14threadkit_http
FN:872,_RNCNCNvMNtCsiekp5I1RHQt_16threadkit_common5redisNtB6_11RedisClient11atomic_vote0s3_0CsaszyX3GTrYE_14threadkit_http
FN:873,_RNCNCNvMNtCsiekp5I1RHQt_16threadkit_common5redisNtB6_11RedisClient11atomic_vote0s4_0CsaszyX3GTrYE_14threadkit_http
FN:874,_RNCNCNvMNtCsiekp5I1RHQt_16threadkit_common5redisNtB6_11RedisClient11atomic_vote0s5_0CsaszyX3GTrYE_14threadkit_http
FN:823,_RNCNCNvMNtCsiekp5I1RHQt_16threadkit_common5redisNtB6_11RedisClient11atomic_vote0s_0CsaszyX3GTrYE_14threadkit_http
FN:260,_RNCNCNvMNtCsiekp5I1RHQt_16threadkit_common5redisNtB6_11RedisClient13get_page_tree00CsaszyX3GTrYE_14threadkit_http
FN:1099,_RNCNCNvMNtCsiekp5I1RHQt_16threadkit_common5redisNtB6_11RedisClient14get_blocked_by00CsaszyX3GTrYE_14threadkit_http
FN:955,_RNCNCNvMNtCsiekp5I1RHQt_16threadkit_common5redisNtB6_11RedisClient14get_moderators00CsaszyX3GTrYE_14threadkit_http
FN:500,_RNCNCNvMNtCsiekp5I1RHQt_16threadkit_common5redisNtB6_11RedisClient14get_reports_v200CsaszyX3GTrYE_14threadkit_http
FN:1775,_RNCNCNvMNtCsiekp5I1RHQt_16threadkit_common5redisNtB6_11RedisClient14get_user_votes00CsaszyX3GTrYE_14threadkit_http
FN:454,_RNCNCNvMNtCsiekp5I1RHQt_16threadkit_common5redisNtB6_11RedisClient15get_modqueue_v200CsaszyX3GTrYE_14threadkit_http
FN:1480,_RNCNCNvMNtCsiekp5I1RHQt_16threadkit_common5redisNtB6_11RedisClient15get_site_config00CsaszyX3GTrYE_14threadkit_http
FN:1317,_RNCNCNvMNtCsiekp5I1RHQt_16threadkit_common5redisNtB6_11RedisClient16get_session_user00CsaszyX3GTrYE_14threadkit_http
FN:1090,_RNCNCNvMNtCsiekp5I1RHQt_16threadkit_common5redisNtB6_11RedisClient17get_blocked_users00CsaszyX3GTrYE_14threadkit_http
FN:1141,_RNCNCNvMNtCsiekp5I1RHQt_16threadkit_common5redisNtB6_11RedisClient17get_notifications00CsaszyX3GTrYE_14threadkit_http
FN:142,_RNCNCNvMNtCsiekp5I1RHQt_16threadkit_common5redisNtB6_11RedisClient17get_user_by_email00CsaszyX3GTrYE_14threadkit_http
FN:1005,_RNCNCNvMNtCsiekp5I1RHQt_16threadkit_common5redisNtB6_11RedisClient17get_user_comments00CsaszyX3GTrYE_14threadkit_http
FN:1232,_RNCNCNvMNtCsiekp5I1RHQt_16threadkit_common5redisNtB6_11RedisClient18get_user_by_wallet00CsaszyX3GTrYE_14threadkit_http
FN:1906,_RNCNCNvMNtCsiekp5I1RHQt_16threadkit_common5redisNtB6_11RedisClient19get_pinned_comments00CsaszyX3GTrYE_14threadkit_http
FN:226,_RNCNCNvMNtCsiekp5I1RHQt_16threadkit_common5redisNtB6_11RedisClient20get_user_by_provider00CsaszyX3GTrYE_14threadkit_http
FN:160,_RNCNCNvMNtCsiekp5I1RHQt_16threadkit_common5redisNtB6_11RedisClient20get_user_by_username00CsaszyX3GTrYE_14threadkit_http
FN:1969,_RNCNCNvMNtCsiekp5I1RHQt_16threadkit_common5redisNtB6_11RedisClient20update_site_settings00CsaszyX3GTrYE_14threadkit_http
FN:1465,_RNCNCNvMNtCsiekp5I1RHQt_16threadkit_common5redisNtB6_11RedisClient21get_cached_project_id00CsaszyX3GTrYE_14threadkit_http
FN:1183,_RNCNCNvMNtCsiekp5I1RHQt_16threadkit_common5redisNtB6_11RedisClient21get_verification_code00CsaszyX3GTrYE_14threadkit_http
FN:1543,_RNCNCNvMNtCsiekp5I1RHQt_16threadkit_common5redisNtB6_11RedisClient22get_site_by_project_id00CsaszyX3GTrYE_14threadkit_http
FN:1547,_RNCNCNvMNtCsiekp5I1RHQt_16threadkit_common5redisNtB6_11RedisClient22get_site_by_project_id0s_0CsaszyX3GTrYE_14threadkit_http
FN:372,_RNCNCNvMNtCsiekp5I1RHQt_16threadkit_common5redisNtB6_11RedisClient22get_site_comment_index00CsaszyX3GTrYE_14threadkit_http
FN:398,_RNCNCNvMNtCsiekp5I1RHQt_16threadkit_common5redisNtB6_11RedisClient22get_user_site_comments00CsaszyX3GTrYE_14threadkit_http
FN:717,_RNCNCNvMNtCsiekp5I1RHQt_16threadkit_common5redisNtB6_11RedisClient8get_vote00CsaszyX3GTrYE_14threadkit_http
FN:958,_RNCNvMNtCsiekp5I1RHQt_16threadkit_common5redisNtB4_11RedisClient10block_user0CsaszyX3GTrYE_14threadkit_http
FN:928,_RNCNvMNtCsiekp5I1RHQt_16threadkit_common5redisNtB4_11RedisClient10get_admins0CsaszyX3GTrYE_14threadkit_http
FN:812,_RNCNvMNtCsiekp5I1RHQt_16threadkit_common5redisNtB4_11RedisClient11atomic_vote0CsaszyX3GTrYE_14threadkit_http
FN:515,_RNCNvMNtCsiekp5I1RHQt_16threadkit_common5redisNtB4_11RedisClient11get_comment0CsaszyX3GTrYE_14threadkit_http
FN:1867,_RNCNvMNtCsiekp5I1RHQt_16threadkit_common5redisNtB4_11RedisClient11pin_comment0CsaszyX3GTrYE_14threadkit_http
FN:1934,_RNCNvMNtCsiekp5I1RHQt_16threadkit_common5redisNtB4_11RedisClient11unlock_page0CsaszyX3GTrYE_14threadkit_http
FN:921,_RNCNvMNtCsiekp5I1RHQt_16threadkit_common5redisNtB4_11RedisClient12remove_admin0CsaszyX3GTrYE_14threadkit_http
FN:965,_RNCNvMNtCsiekp5I1RHQt_16threadkit_common5redisNtB4_11RedisClient12unblock_user0CsaszyX3GTrYE_14threadkit_http
FN:936,_RNCNvMNtCsiekp5I1RHQt_16threadkit_common5redisNtB4_11RedisClient13add_moderator0CsaszyX3GTrYE_14threadkit_http
FN:466,_RNCNvMNtCsiekp5I1RHQt_16threadkit_common5redisNtB4_11RedisClient13add_report_v20CsaszyX3GTrYE_14threadkit_http
FN:258,_RNCNvMNtCsiekp5I1RHQt_16threadkit_common5redisNtB4_11RedisClient13get_page_tree0CsaszyX3GTrYE_14threadkit_http
FN:1411,_RNCNvMNtCsiekp5I1RHQt_16threadkit_common5redisNtB4_11RedisClient13get_pageviews0CsaszyX3GTrYE_14threadkit_http
FN:883,_RNCNvMNtCsiekp5I1RHQt_16threadkit_common5redisNtB4_11RedisClient13get_user_role0CsaszyX3GTrYE_14threadkit_http
FN:264,_RNCNvMNtCsiekp5I1RHQt_16threadkit_common5redisNtB4_11RedisClient13set_page_tree0CsaszyX3GTrYE_14threadkit_http
FN:1882,_RNCNvMNtCsiekp5I1RHQt_16threadkit_common5redisNtB4_11RedisClient13unpin_comment0CsaszyX3GTrYE_14threadkit_http
FN:1270,_RNCNvMNtCsiekp5I1RHQt_16threadkit_common5redisNtB4_11RedisClient14add_user_media0CsaszyX3GTrYE_14threadkit_http
FN:1294,_RNCNvMNtCsiekp5I1RHQt_16threadkit_common5redisNtB4_11RedisClient14create_session0CsaszyX3GTrYE_14threadkit_http
FN:1320,_RNCNvMNtCsiekp5I1RHQt_16threadkit_common5redisNtB4_11RedisClient14delete_session0CsaszyX3GTrYE_14threadkit_http
FN:1094,_RNCNvMNtCsiekp5I1RHQt_16threadkit_common5redisNtB4_11RedisClient14get_blocked_by0CsaszyX3GTrYE_14threadkit_http
FN:1259,_RNCNvMNtCsiekp5I1RHQt_16threadkit_common5redisNtB4_11RedisClient14get_media_info0CsaszyX3GTrYE_14threadkit_http
FN:950,_RNCNvMNtCsiekp5I1RHQt_16threadkit_common5redisNtB4_11RedisClient14get_moderators0CsaszyX3GTrYE_14threadkit_http
FN:781,_RNCNvMNtCsiekp5I1RHQt_16threadkit_common5redisNtB4_11RedisClient14get_page_votes0CsaszyX3GTrYE_14threadkit_http
FN:484,_RNCNvMNtCsiekp5I1RHQt_16threadkit_common5redisNtB4_11RedisClient14get_reports_v20CsaszyX3GTrYE_14threadkit_http
FN:1770,_RNCNvMNtCsiekp5I1RHQt_16threadkit_common5redisNtB4_11RedisClient14get_user_votes0CsaszyX3GTrYE_14threadkit_http
FN:1210,_RNCNvMNtCsiekp5I1RHQt_16threadkit_common5redisNtB4_11RedisClient14get_web3_nonce0CsaszyX3GTrYE_14threadkit_http
FN:1942,_RNCNvMNtCsiekp5I1RHQt_16threadkit_common5redisNtB4_11RedisClient14is_page_locked0CsaszyX3GTrYE_14threadkit_http
FN:1254,_RNCNvMNtCsiekp5I1RHQt_16threadkit_common5redisNtB4_11RedisClient14set_media_info0CsaszyX3GTrYE_14threadkit_http
FN:1196,_RNCNvMNtCsiekp5I1RHQt_16threadkit_common5redisNtB4_11RedisClient14set_web3_nonce0CsaszyX3GTrYE_14threadkit_http
FN:972,_RNCNvMNtCsiekp5I1RHQt_16threadkit_common5redisNtB4_11RedisClient14shadowban_user0CsaszyX3GTrYE_14threadkit_http
FN:411,_RNCNvMNtCsiekp5I1RHQt_16threadkit_common5redisNtB4_11RedisClient15add_to_modqueue0CsaszyX3GTrYE_14threadkit_http
FN:438,_RNCNvMNtCsiekp5I1RHQt_16threadkit_common5redisNtB4_11RedisClient15get_modqueue_v20CsaszyX3GTrYE_14threadkit_http
FN:1478,_RNCNvMNtCsiekp5I1RHQt_16threadkit_common5redisNtB4_11RedisClient15get_site_config0CsaszyX3GTrYE_14threadkit_http
FN:1424,_RNCNvMNtCsiekp5I1RHQt_16threadkit_common5redisNtB4_11RedisClient15increment_usage0CsaszyX3GTrYE_14threadkit_http
FN:979,_RNCNvMNtCsiekp5I1RHQt_16threadkit_common5redisNtB4_11RedisClient15is_shadowbanned0CsaszyX3GTrYE_14threadkit_http
FN:1506,_RNCNvMNtCsiekp5I1RHQt_16threadkit_common5redisNtB4_11RedisClient15set_site_config0CsaszyX3GTrYE_14threadkit_http
FN:1106,_RNCNvMNtCsiekp5I1RHQt_16threadkit_common5redisNtB4_11RedisClient16add_notification0CsaszyX3GTrYE_14threadkit_http
FN:1449,_RNCNvMNtCsiekp5I1RHQt_16threadkit_common5redisNtB4_11RedisClient16cache_project_id0CsaszyX3GTrYE_14threadkit_http
FN:1789,_RNCNvMNtCsiekp5I1RHQt_16threadkit_common5redisNtB4_11RedisClient16check_rate_limit0CsaszyX3GTrYE_14threadkit_http
FN:1312,_RNCNvMNtCsiekp5I1RHQt_16threadkit_common5redisNtB4_11RedisClient16get_session_user0CsaszyX3GTrYE_14threadkit_http
FN:1147,_RNCNvMNtCsiekp5I1RHQt_16threadkit_common5redisNtB4_11RedisClient16get_unread_count0CsaszyX3GTrYE_14threadkit_http
FN:943,_RNCNvMNtCsiekp5I1RHQt_16threadkit_common5redisNtB4_11RedisClient16remove_moderator0CsaszyX3GTrYE_14threadkit_http
FN:1264,_RNCNvMNtCsiekp5I1RHQt_16threadkit_common5redisNtB4_11RedisClient17delete_media_info0CsaszyX3GTrYE_14threadkit_http
FN:1219,_RNCNvMNtCsiekp5I1RHQt_16threadkit_common5redisNtB4_11RedisClient17delete_web3_nonce0CsaszyX3GTrYE_14threadkit_http
FN:1085,_RNCNvMNtCsiekp5I1RHQt_16threadkit_common5redisNtB4_11RedisClient17get_blocked_users0CsaszyX3GTrYE_14threadkit_http
FN:1128,_RNCNvMNtCsiekp5I1RHQt_16threadkit_common5redisNtB4_11RedisClient17get_notifications0CsaszyX3GTrYE_14threadkit_http
FN:140,_RNCNvMNtCsiekp5I1RHQt_16threadkit_common5redisNtB4_11RedisClient17get_user_by_email0CsaszyX3GTrYE_14threadkit_http
FN:1000,_RNCNvMNtCsiekp5I1RHQt_16threadkit_common5redisNtB4_11RedisClient17get_user_comments0CsaszyX3GTrYE_14threadkit_http
FN:1913,_RNCNvMNtCsiekp5I1RHQt_16threadkit_common5redisNtB4_11RedisClient17is_comment_pinned0CsaszyX3GTrYE_14threadkit_http
FN:1277,_RNCNvMNtCsiekp5I1RHQt_16threadkit_common5redisNtB4_11RedisClient17remove_user_media0CsaszyX3GTrYE_14threadkit_http
FN:1021,_RNCNvMNtCsiekp5I1RHQt_16threadkit_common5redisNtB4_11RedisClient17update_user_karma0CsaszyX3GTrYE_14threadkit_http
FN:1052,_RNCNvMNtCsiekp5I1RHQt_16threadkit_common5redisNtB4_11RedisClient18block_user_by_user0CsaszyX3GTrYE_14threadkit_http
FN:1227,_RNCNvMNtCsiekp5I1RHQt_16threadkit_common5redisNtB4_11RedisClient18get_user_by_wallet0CsaszyX3GTrYE_14threadkit_http
FN:1633,_RNCNvMNtCsiekp5I1RHQt_16threadkit_common5redisNtB4_11RedisClient19delete_user_account0CsaszyX3GTrYE_14threadkit_http
FN:1891,_RNCNvMNtCsiekp5I1RHQt_16threadkit_common5redisNtB4_11RedisClient19get_pinned_comments0CsaszyX3GTrYE_14threadkit_http
FN:224,_RNCNvMNtCsiekp5I1RHQt_16threadkit_common5redisNtB4_11RedisClient20get_user_by_provider0CsaszyX3GTrYE_14threadkit_http
FN:158,_RNCNvMNtCsiekp5I1RHQt_16threadkit_common5redisNtB4_11RedisClient20get_user_by_username0CsaszyX3GTrYE_14threadkit_http
FN:145,_RNCNvMNtCsiekp5I1RHQt_16threadkit_common5redisNtB4_11RedisClient20set_user_email_index0CsaszyX3GTrYE_14threadkit_http
FN:1065,_RNCNvMNtCsiekp5I1RHQt_16threadkit_common5redisNtB4_11RedisClient20unblock_user_by_user0CsaszyX3GTrYE_14threadkit_http
FN:677,_RNCNvMNtCsiekp5I1RHQt_16threadkit_common5redisNtB4_11RedisClient20update_comment_votes0CsaszyX3GTrYE_14threadkit_http
FN:1964,_RNCNvMNtCsiekp5I1RHQt_16threadkit_common5redisNtB4_11RedisClient20update_site_settings0CsaszyX3GTrYE_14threadkit_http
FN:1463,_RNCNvMNtCsiekp5I1RHQt_16threadkit_common5redisNtB4_11RedisClient21get_cached_project_id0CsaszyX3GTrYE_14threadkit_http
FN:1181,_RNCNvMNtCsiekp5I1RHQt_16threadkit_common5redisNtB4_11RedisClient21get_verification_code0CsaszyX3GTrYE_14threadkit_http
FN:184,_RNCNvMNtCsiekp5I1RHQt_16threadkit_common5redisNtB4_11RedisClient21is_username_available0CsaszyX3GTrYE_14threadkit_http
FN:1236,_RNCNvMNtCsiekp5I1RHQt_16threadkit_common5redisNtB4_11RedisClient21set_user_wallet_index0CsaszyX3GTrYE_14threadkit_http
FN:1167,_RNCNvMNtCsiekp5I1RHQt_16threadkit_common5redisNtB4_11RedisClient21set_verification_code0CsaszyX3GTrYE_14threadkit_http
FN:315,_RNCNvMNtCsiekp5I1RHQt_16threadkit_common5redisNtB4_11RedisClient22add_site_comment_index0CsaszyX3GTrYE_14threadkit_http
FN:281,_RNCNvMNtCsiekp5I1RHQt_16threadkit_common5redisNtB4_11RedisClient22add_user_comment_index0CsaszyX3GTrYE_14threadkit_http
FN:1536,_RNCNvMNtCsiekp5I1RHQt_16threadkit_common5redisNtB4_11RedisClient22get_site_by_project_id0CsaszyX3GTrYE_14threadkit_http
FN:359,_RNCNvMNtCsiekp5I1RHQt_16threadkit_common5redisNtB4_11RedisClient22get_site_comment_index0CsaszyX3GTrYE_14threadkit_http
FN:385,_RNCNvMNtCsiekp5I1RHQt_16threadkit_common5redisNtB4_11RedisClient22get_user_site_comments0CsaszyX3GTrYE_14threadkit_http
FN:273,_RNCNvMNtCsiekp5I1RHQt_16threadkit_common5redisNtB4_11RedisClient23get_or_create_page_tree0CsaszyX3GTrYE_14threadkit_http
FN:1156,_RNCNvMNtCsiekp5I1RHQt_16threadkit_common5redisNtB4_11RedisClient23mark_notifications_read0CsaszyX3GTrYE_14threadkit_http
FN:428,_RNCNvMNtCsiekp5I1RHQt_16threadkit_common5redisNtB4_11RedisClient23remove_from_modqueue_v20CsaszyX3GTrYE_14threadkit_http
FN:229,_RNCNvMNtCsiekp5I1RHQt_16threadkit_common5redisNtB4_11RedisClient23set_user_provider_index0CsaszyX3GTrYE_14threadkit_http
FN:163,_RNCNvMNtCsiekp5I1RHQt_16threadkit_common5redisNtB4_11RedisClient23set_user_username_index0CsaszyX3GTrYE_14threadkit_http
FN:1186,_RNCNvMNtCsiekp5I1RHQt_16threadkit_common5redisNtB4_11RedisClient24delete_verification_code0CsaszyX3GTrYE_14threadkit_http
FN:176,_RNCNvMNtCsiekp5I1RHQt_16threadkit_common5redisNtB4_11RedisClient26delete_user_username_index0CsaszyX3GTrYE_14threadkit_http
FN:1484,_RNCNvMNtCsiekp5I1RHQt_16threadkit_common5redisNtB4_11RedisClient26get_site_config_by_api_key0CsaszyX3GTrYE_14threadkit_http
FN:298,_RNCNvMNtCsiekp5I1RHQt_16threadkit_common5redisNtB4_11RedisClient27add_user_site_comment_index0CsaszyX3GTrYE_14threadkit_http
FN:1030,_RNCNvMNtCsiekp5I1RHQt_16threadkit_common5redisNtB4_11RedisClient28increment_user_comment_count0CsaszyX3GTrYE_14threadkit_http
FN:1398,_RNCNvMNtCsiekp5I1RHQt_16threadkit_common5redisNtB4_11RedisClient29increment_pageview_with_usage0CsaszyX3GTrYE_14threadkit_http
FN:1623,_RNCNvMNtCsiekp5I1RHQt_16threadkit_common5redisNtB4_11RedisClient7publish0CsaszyX3GTrYE_14threadkit_http
FN:132,_RNCNvMNtCsiekp5I1RHQt_16threadkit_common5redisNtB4_11RedisClient8get_user0CsaszyX3GTrYE_14threadkit_http
FN:711,_RNCNvMNtCsiekp5I1RHQt_16threadkit_common5redisNtB4_11RedisClient8get_vote0CsaszyX3GTrYE_14threadkit_http
FN:136,_RNCNvMNtCsiekp5I1RHQt_16threadkit_common5redisNtB4_11RedisClient8set_user0CsaszyX3GTrYE_14threadkit_http
FN:914,_RNCNvMNtCsiekp5I1RHQt_16threadkit_common5redisNtB4_11RedisClient9add_admin0CsaszyX3GTrYE_14threadkit_http
FN:1926,_RNCNvMNtCsiekp5I1RHQt_16threadkit_common5redisNtB4_11RedisClient9lock_page0CsaszyX3GTrYE_14threadkit_http
FN:1582,_RNvMNtCsiekp5I1RHQt_16threadkit_common5redisNtB2_11RedisClient10add_report
FN:958,_RNvMNtCsiekp5I1RHQt_16threadkit_common5redisNtB2_11RedisClient10block_user
FN:928,_RNvMNtCsiekp5I1RHQt_16threadkit_common5redisNtB2_11RedisClient10get_admins
FN:1331,_RNvMNtCsiekp5I1RHQt_16threadkit_common5redisNtB2_11RedisClient10set_typing
FN:805,_RNvMNtCsiekp5I1RHQt_16threadkit_common5redisNtB2_11RedisClient11atomic_vote
FN:1499,_RNvMNtCsiekp5I1RHQt_16threadkit_common5redisNtB2_11RedisClient11count_sites
FN:741,_RNvMNtCsiekp5I1RHQt_16threadkit_common5redisNtB2_11RedisClient11delete_vote
FN:515,_RNvMNtCsiekp5I1RHQt_16threadkit_common5redisNtB2_11RedisClient11get_comment
FN:1599,_RNvMNtCsiekp5I1RHQt_16threadkit_common5redisNtB2_11RedisClient11get_reports
FN:1867,_RNvMNtCsiekp5I1RHQt_16threadkit_common5redisNtB2_11RedisClient11pin_comment
FN:519,_RNvMNtCsiekp5I1RHQt_16threadkit_common5redisNtB2_11RedisClient11set_comment
FN:1934,_RNvMNtCsiekp5I1RHQt_16threadkit_common5redisNtB2_11RedisClient11unlock_page
FN:1363,_RNvMNtCsiekp5I1RHQt_16threadkit_common5redisNtB2_11RedisClient12add_presence
FN:1377,_RNvMNtCsiekp5I1RHQt_16threadkit_common5redisNtB2_11RedisClient12get_presence
FN:921,_RNvMNtCsiekp5I1RHQt_16threadkit_common5redisNtB2_11RedisClient12remove_admin
FN:965,_RNvMNtCsiekp5I1RHQt_16threadkit_common5redisNtB2_11RedisClient12unblock_user
FN:936,_RNvMNtCsiekp5I1RHQt_16threadkit_common5redisNtB2_11RedisClient13add_moderator
FN:466,_RNvMNtCsiekp5I1RHQt_16threadkit_common5redisNtB2_11RedisClient13add_report_v2
FN:1754,_RNvMNtCsiekp5I1RHQt_16threadkit_common5redisNtB2_11RedisClient13add_user_vote
FN:258,_RNvMNtCsiekp5I1RHQt_16threadkit_common5redisNtB2_11RedisClient13get_page_tree
FN:1411,_RNvMNtCsiekp5I1RHQt_16threadkit_common5redisNtB2_11RedisClient13get_pageviews
FN:883,_RNvMNtCsiekp5I1RHQt_16threadkit_common5redisNtB2_11RedisClient13get_user_role
FN:264,_RNvMNtCsiekp5I1RHQt_16threadkit_common5redisNtB2_11RedisClient13set_page_tree
FN:754,_RNvMNtCsiekp5I1RHQt_16threadkit_common5redisNtB2_11RedisClient13set_page_vote
FN:1882,_RNvMNtCsiekp5I1RHQt_16threadkit_common5redisNtB2_11RedisClient13unpin_comment
FN:1270,_RNvMNtCsiekp5I1RHQt_16threadkit_common5redisNtB2_11RedisClient14add_user_media
FN:1294,_RNvMNtCsiekp5I1RHQt_16threadkit_common5redisNtB2_11RedisClient14create_session
FN:1320,_RNvMNtCsiekp5I1RHQt_16threadkit_common5redisNtB2_11RedisClient14delete_session
FN:1094,_RNvMNtCsiekp5I1RHQt_16threadkit_common5redisNtB2_11RedisClient14get_blocked_by
FN:1259,_RNvMNtCsiekp5I1RHQt_16threadkit_common5redisNtB2_11RedisClient14get_media_info
FN:950,_RNvMNtCsiekp5I1RHQt_16threadkit_common5redisNtB2_11RedisClient14get_moderators
FN:781,_RNvMNtCsiekp5I1RHQt_16threadkit_common5redisNtB2_11RedisClient14get_page_votes
FN:484,_RNvMNtCsiekp5I1RHQt_16threadkit_common5redisNtB2_11RedisClient14get_reports_v2
FN:1284,_RNvMNtCsiekp5I1RHQt_16threadkit_common5redisNtB2_11RedisClient14get_user_media
FN:1770,_RNvMNtCsiekp5I1RHQt_16threadkit_common5redisNtB2_11RedisClient14get_user_votes
FN:1210,_RNvMNtCsiekp5I1RHQt_16threadkit_common5redisNtB2_11RedisClient14get_web3_nonce
FN:1942,_RNvMNtCsiekp5I1RHQt_16threadkit_common5redisNtB2_11RedisClient14is_page_locked
FN:1254,_RNvMNtCsiekp5I1RHQt_16threadkit_common5redisNtB2_11RedisClient14set_media_info
FN:1196,_RNvMNtCsiekp5I1RHQt_16threadkit_common5redisNtB2_11RedisClient14set_web3_nonce
FN:972,_RNvMNtCsiekp5I1RHQt_16threadkit_common5redisNtB2_11RedisClient14shadowban_user
FN:411,_RNvMNtCsiekp5I1RHQt_16threadkit_common5redisNtB2_11RedisClient15add_to_modqueue
FN:438,_RNvMNtCsiekp5I1RHQt_16threadkit_common5redisNtB2_11RedisClient15get_modqueue_v2
FN:1478,_RNvMNtCsiekp5I1RHQt_16threadkit_common5redisNtB2_11RedisClient15get_site_config
FN:639,_RNvMNtCsiekp5I1RHQt_16threadkit_common5redisNtB2_11RedisClient15get_users_batch
FN:660,_RNvMNtCsiekp5I1RHQt_16threadkit_common5redisNtB2_11RedisClient15get_votes_batch
FN:1424,_RNvMNtCsiekp5I1RHQt_16threadkit_common5redisNtB2_11RedisClient15increment_usage
FN:979,_RNvMNtCsiekp5I1RHQt_16threadkit_common5redisNtB2_11RedisClient15is_shadowbanned
FN:1370,_RNvMNtCsiekp5I1RHQt_16threadkit_common5redisNtB2_11RedisClient15remove_presence
FN:1506,_RNvMNtCsiekp5I1RHQt_16threadkit_common5redisNtB2_11RedisClient15set_site_config
FN:115,_RNvMNtCsiekp5I1RHQt_16threadkit_common5redisNtB2_11RedisClient15set_with_expiry
FN:1106,_RNvMNtCsiekp5I1RHQt_16threadkit_common5redisNtB2_11RedisClient16add_notification
FN:992,_RNvMNtCsiekp5I1RHQt_16threadkit_common5redisNtB2_11RedisClient16add_user_comment
FN:1449,_RNvMNtCsiekp5I1RHQt_16threadkit_common5redisNtB2_11RedisClient16cache_project_id
FN:1784,_RNvMNtCsiekp5I1RHQt_16threadkit_common5redisNtB2_11RedisClient16check_rate_limit
FN:769,_RNvMNtCsiekp5I1RHQt_16threadkit_common5redisNtB2_11RedisClient16delete_page_vote
FN:247,_RNvMNtCsiekp5I1RHQt_16threadkit_common5redisNtB2_11RedisClient16generate_page_id
FN:1951,_RNvMNtCsiekp5I1RHQt_16threadkit_common5redisNtB2_11RedisClient16get_locked_pages
FN:1312,_RNvMNtCsiekp5I1RHQt_16threadkit_common5redisNtB2_11RedisClient16get_session_user
FN:1346,_RNvMNtCsiekp5I1RHQt_16threadkit_common5redisNtB2_11RedisClient16get_typing_users
FN:1147,_RNvMNtCsiekp5I1RHQt_16threadkit_common5redisNtB2_11RedisClient16get_unread_count
FN:52,_RNvMNtCsiekp5I1RHQt_16threadkit_common5redisNtB2_11RedisClient16load_lua_scripts
FN:943,_RNvMNtCsiekp5I1RHQt_16threadkit_common5redisNtB2_11RedisClient16remove_moderator
FN:1762,_RNvMNtCsiekp5I1RHQt_16threadkit_common5redisNtB2_11RedisClient16remove_user_vote
FN:1264,_RNvMNtCsiekp5I1RHQt_16threadkit_common5redisNtB2_11RedisClient17delete_media_info
FN:1219,_RNvMNtCsiekp5I1RHQt_16threadkit_common5redisNtB2_11RedisClient17delete_web3_nonce
FN:1085,_RNvMNtCsiekp5I1RHQt_16threadkit_common5redisNtB2_11RedisClient17get_blocked_users
FN:1128,_RNvMNtCsiekp5I1RHQt_16threadkit_common5redisNtB2_11RedisClient17get_notifications
FN:584,_RNvMNtCsiekp5I1RHQt_16threadkit_common5redisNtB2_11RedisClient17get_page_comments
FN:140,_RNvMNtCsiekp5I1RHQt_16threadkit_common5redisNtB2_11RedisClient17get_user_by_email
FN:194,_RNvMNtCsiekp5I1RHQt_16threadkit_common5redisNtB2_11RedisClient17get_user_by_phone
FN:1000,_RNvMNtCsiekp5I1RHQt_16threadkit_common5redisNtB2_11RedisClient17get_user_comments
FN:212,_RNvMNtCsiekp5I1RHQt_16threadkit_common5redisNtB2_11RedisClient17get_user_password
FN:1913,_RNvMNtCsiekp5I1RHQt_16threadkit_common5redisNtB2_11RedisClient17is_comment_pinned
FN:1277,_RNvMNtCsiekp5I1RHQt_16threadkit_common5redisNtB2_11RedisClient17remove_user_media
FN:199,_RNvMNtCsiekp5I1RHQt_16threadkit_common5redisNtB2_11RedisClient17set_user_password
FN:1021,_RNvMNtCsiekp5I1RHQt_16threadkit_common5redisNtB2_11RedisClient17update_user_karma
FN:1432,_RNvMNtCsiekp5I1RHQt_16threadkit_common5redisNtB2_11RedisClient18add_unique_visitor
FN:1052,_RNvMNtCsiekp5I1RHQt_16threadkit_common5redisNtB2_11RedisClient18block_user_by_user
FN:624,_RNvMNtCsiekp5I1RHQt_16threadkit_common5redisNtB2_11RedisClient18get_comments_batch
FN:1227,_RNvMNtCsiekp5I1RHQt_16threadkit_common5redisNtB2_11RedisClient18get_user_by_wallet
FN:1389,_RNvMNtCsiekp5I1RHQt_16threadkit_common5redisNtB2_11RedisClient18increment_pageview
FN:1076,_RNvMNtCsiekp5I1RHQt_16threadkit_common5redisNtB2_11RedisClient18is_blocked_by_user
FN:1633,_RNvMNtCsiekp5I1RHQt_16threadkit_common5redisNtB2_11RedisClient19delete_user_account
FN:606,_RNvMNtCsiekp5I1RHQt_16threadkit_common5redisNtB2_11RedisClient19get_comment_replies
FN:1891,_RNvMNtCsiekp5I1RHQt_16threadkit_common5redisNtB2_11RedisClient19get_pinned_comments
FN:1009,_RNvMNtCsiekp5I1RHQt_16threadkit_common5redisNtB2_11RedisClient19remove_user_comment
FN:1554,_RNvMNtCsiekp5I1RHQt_16threadkit_common5redisNtB2_11RedisClient20get_moderation_queue
FN:224,_RNvMNtCsiekp5I1RHQt_16threadkit_common5redisNtB2_11RedisClient20get_user_by_provider
FN:158,_RNvMNtCsiekp5I1RHQt_16threadkit_common5redisNtB2_11RedisClient20get_user_by_username
FN:1571,_RNvMNtCsiekp5I1RHQt_16threadkit_common5redisNtB2_11RedisClient20remove_from_modqueue
FN:145,_RNvMNtCsiekp5I1RHQt_16threadkit_common5redisNtB2_11RedisClient20set_user_email_index
FN:217,_RNvMNtCsiekp5I1RHQt_16threadkit_common5redisNtB2_11RedisClient20set_user_phone_index
FN:1065,_RNvMNtCsiekp5I1RHQt_16threadkit_common5redisNtB2_11RedisClient20unblock_user_by_user
FN:677,_RNvMNtCsiekp5I1RHQt_16threadkit_common5redisNtB2_11RedisClient20update_comment_votes
FN:1964,_RNvMNtCsiekp5I1RHQt_16threadkit_common5redisNtB2_11RedisClient20update_site_settings
FN:1463,_RNvMNtCsiekp5I1RHQt_16threadkit_common5redisNtB2_11RedisClient21get_cached_project_id
FN:1835,_RNvMNtCsiekp5I1RHQt_16threadkit_common5redisNtB2_11RedisClient21get_rate_limit_status
FN:1181,_RNvMNtCsiekp5I1RHQt_16threadkit_common5redisNtB2_11RedisClient21get_verification_code
FN:184,_RNvMNtCsiekp5I1RHQt_16threadkit_common5redisNtB2_11RedisClient21is_username_available
FN:1236,_RNvMNtCsiekp5I1RHQt_16threadkit_common5redisNtB2_11RedisClient21set_user_wallet_index
FN:1167,_RNvMNtCsiekp5I1RHQt_16threadkit_common5redisNtB2_11RedisClient21set_verification_code
FN:315,_RNvMNtCsiekp5I1RHQt_16threadkit_common5redisNtB2_11RedisClient22add_site_comment_index
FN:281,_RNvMNtCsiekp5I1RHQt_16threadkit_common5redisNtB2_11RedisClient22add_user_comment_index
FN:1536,_RNvMNtCsiekp5I1RHQt_16threadkit_common5redisNtB2_11RedisClient22get_site_by_project_id
FN:359,_RNvMNtCsiekp5I1RHQt_16threadkit_common5redisNtB2_11RedisClient22get_site_comment_index
FN:333,_RNvMNtCsiekp5I1RHQt_16threadkit_common5redisNtB2_11RedisClient22get_user_comment_index
FN:385,_RNvMNtCsiekp5I1RHQt_16threadkit_common5redisNtB2_11RedisClient22get_user_site_comments
FN:273,_RNvMNtCsiekp5I1RHQt_16threadkit_common5redisNtB2_11RedisClient23get_or_create_page_tree
FN:1156,_RNvMNtCsiekp5I1RHQt_16threadkit_common5redisNtB2_11RedisClient23mark_notifications_read
FN:428,_RNvMNtCsiekp5I1RHQt_16threadkit_common5redisNtB2_11RedisClient23remove_from_modqueue_v2
FN:229,_RNvMNtCsiekp5I1RHQt_16threadkit_common5redisNtB2_11RedisClient23set_user_provider_index
FN:163,_RNvMNtCsiekp5I1RHQt_16threadkit_common5redisNtB2_11RedisClient23set_user_username_index
FN:1186,_RNvMNtCsiekp5I1RHQt_16threadkit_common5redisNtB2_11RedisClient24delete_verification_code
FN:176,_RNvMNtCsiekp5I1RHQt_16threadkit_common5redisNtB2_11RedisClient26delete_user_username_index
FN:1484,_RNvMNtCsiekp5I1RHQt_16threadkit_common5redisNtB2_11RedisClient26get_site_config_by_api_key
FN:298,_RNvMNtCsiekp5I1RHQt_16threadkit_common5redisNtB2_11RedisClient27add_user_site_comment_index
FN:1469,_RNvMNtCsiekp5I1RHQt_16threadkit_common5redisNtB2_11RedisClient27invalidate_project_id_cache
FN:1039,_RNvMNtCsiekp5I1RHQt_16threadkit_common5redisNtB2_11RedisClient28decrement_user_comment_count
FN:1030,_RNvMNtCsiekp5I1RHQt_16threadkit_common5redisNtB2_11RedisClient28increment_user_comment_count
FN:1398,_RNvMNtCsiekp5I1RHQt_16threadkit_common5redisNtB2_11RedisClient29increment_pageview_with_usage
FN:40,_RNvMNtCsiekp5I1RHQt_16threadkit_common5redisNtB2_11RedisClient3new
FN:103,_RNvMNtCsiekp5I1RHQt_16threadkit_common5redisNtB2_11RedisClient4ping
FN:109,_RNvMNtCsiekp5I1RHQt_16threadkit_common5redisNtB2_11RedisClient6exists
FN:1623,_RNvMNtCsiekp5I1RHQt_16threadkit_common5redisNtB2_11RedisClient7publish
FN:132,_RNvMNtCsiekp5I1RHQt_16threadkit_common5redisNtB2_11RedisClient8get_user
FN:711,_RNvMNtCsiekp5I1RHQt_16threadkit_common5redisNtB2_11RedisClient8get_vote
FN:136,_RNvMNtCsiekp5I1RHQt_16threadkit_common5redisNtB2_11RedisClient8set_user
FN:724,_RNvMNtCsiekp5I1RHQt_16threadkit_common5redisNtB2_11RedisClient8set_vote
FN:914,_RNvMNtCsiekp5I1RHQt_16threadkit_common5redisNtB2_11RedisClient9add_admin
FN:1926,_RNvMNtCsiekp5I1RHQt_16threadkit_common5redisNtB2_11RedisClient9lock_page
FN:57,_RNCNCNvMNtCsiekp5I1RHQt_16threadkit_common5redisNtB6_11RedisClient16load_lua_scripts00Cs7z9qMl5nAho_13comment_tests
FN:66,_RNCNCNvMNtCsiekp5I1RHQt_16threadkit_common5redisNtB6_11RedisClient16load_lua_scripts0s0_0Cs7z9qMl5nAho_13comment_tests
FN:67,_RNCNCNvMNtCsiekp5I1RHQt_16threadkit_common5redisNtB6_11RedisClient16load_lua_scripts0s1_0Cs7z9qMl5nAho_13comment_tests
FN:70,_RNCNCNvMNtCsiekp5I1RHQt_16threadkit_common5redisNtB6_11RedisClient16load_lua_scripts0s2_0Cs7z9qMl5nAho_13comment_tests
FN:72,_RNCNCNvMNtCsiekp5I1RHQt_16threadkit_common5redisNtB6_11RedisClient16load_lua_scripts0s3_0Cs7z9qMl5nAho_13comment_tests
FN:73,_RNCNCNvMNtCsiekp5I1RHQt_16threadkit_common5redisNtB6_11RedisClient16load_lua_scripts0s4_0Cs7z9qMl5nAho_13comment_tests
FN:76,_RNCNCNvMNtCsiekp5I1RHQt_16threadkit_common5redisNtB6_11RedisClient16load_lua_scripts0s5_0Cs7z9qMl5nAho_13comment_tests
FN:89,_RNCNCNvMNtCsiekp5I1RHQt_16threadkit_common5redisNtB6_11RedisClient16load_lua_scripts0s6_0Cs7z9qMl5nAho_13comment_tests
FN:58,_RNCNCNvMNtCsiekp5I1RHQt_16threadkit_common5redisNtB6_11RedisClient16load_lua_scripts0s_0Cs7z9qMl5nAho_13comment_tests
FN:52,_RNCNvMNtCsiekp5I1RHQt_16threadkit_common5redisNtB4_11RedisClient16load_lua_scripts0Cs7z9qMl5nAho_13comment_tests
FN:40,_RNCNvMNtCsiekp5I1RHQt_16threadkit_common5redisNtB4_11RedisClient3new0Cs7z9qMl5nAho_13comment_tests
FN:2009,_RINvMNtCsiekp5I1RHQt_16threadkit_common5redisNtB3_11RedisClient12hsetall_jsonNtNtB5_5types4UserECscjQi9PvWoBf_16connection_tests
FN:2009,_RNCINvMNtCsiekp5I1RHQt_16threadkit_common5redisNtB5_11RedisClient12hsetall_jsonNtNtB7_5types4UserE0CscjQi9PvWoBf_16connection_tests
FN:2014,_RNCNCINvMNtCsiekp5I1RHQt_16threadkit_common5redisNtB7_11RedisClient12hsetall_jsonNtNtB9_5types4UserE00CscjQi9PvWoBf_16connection_tests
FN:57,_RNCNCNvMNtCsiekp5I1RHQt_16threadkit_common5redisNtB6_11RedisClient16load_lua_scripts00CscjQi9PvWoBf_16connection_tests
FN:66,_RNCNCNvMNtCsiekp5I1RHQt_16threadkit_common5redisNtB6_11RedisClient16load_lua_scripts0s0_0CscjQi9PvWoBf_16connection_tests
FN:67,_RNCNCNvMNtCsiekp5I1RHQt_16threadkit_common5redisNtB6_11RedisClient16load_lua_scripts0s1_0CscjQi9PvWoBf_16connection_tests
FN:70,_RNCNCNvMNtCsiekp5I1RHQt_16threadkit_common5redisNtB6_11RedisClient16load_lua_scripts0s2_0CscjQi9PvWoBf_16connection_tests
FN:72,_RNCNCNvMNtCsiekp5I1RHQt_16threadkit_common5redisNtB6_11RedisClient16load_lua_scripts0s3_0CscjQi9PvWoBf_16connection_tests
FN:73,_RNCNCNvMNtCsiekp5I1RHQt_16threadkit_common5redisNtB6_11RedisClient16load_lua_scripts0s4_0CscjQi9PvWoBf_16connection_tests
FN:76,_RNCNCNvMNtCsiekp5I1RHQt_16threadkit_common5redisNtB6_11RedisClient16load_lua_scripts0s5_0CscjQi9PvWoBf_16connection_tests
FN:89,_RNCNCNvMNtCsiekp5I1RHQt_16threadkit_common5redisNtB6_11RedisClient16load_lua_scripts0s6_0CscjQi9PvWoBf_16connection_tests
FN:58,_RNCNCNvMNtCsiekp5I1RHQt_16threadkit_common5redisNtB6_11RedisClient16load_lua_scripts0s_0CscjQi9PvWoBf_16connection_tests
FN:1506,_RNCNvMNtCsiekp5I1RHQt_16threadkit_common5redisNtB4_11RedisClient15set_site_config0CscjQi9PvWoBf_16connection_tests
FN:52,_RNCNvMNtCsiekp5I1RHQt_16threadkit_common5redisNtB4_11RedisClient16load_lua_scripts0CscjQi9PvWoBf_16connection_tests
FN:40,_RNCNvMNtCsiekp5I1RHQt_16threadkit_common5redisNtB4_11RedisClient3new0CscjQi9PvWoBf_16connection_tests
FN:136,_RNCNvMNtCsiekp5I1RHQt_16threadkit_common5redisNtB4_11RedisClient8set_user0CscjQi9PvWoBf_16connection_tests
FN:1982,_RINvMNtCsiekp5I1RHQt_16threadkit_common5redisNtB3_11RedisClient12hgetall_jsonNtNtB5_5types4UserECsbuQPXyPdc1s_19threadkit_websocket
FN:1982,_RNCINvMNtCsiekp5I1RHQt_16threadkit_common5redisNtB5_11RedisClient12hgetall_jsonNtNtB7_5types4UserE0CsbuQPXyPdc1s_19threadkit_websocket
FN:2000,_RNCNCINvMNtCsiekp5I1RHQt_16threadkit_common5redisNtB7_11RedisClient12hgetall_jsonNtNtB9_5types4UserE00CsbuQPXyPdc1s_19threadkit_websocket
FN:1382,_RNCNCNvMNtCsiekp5I1RHQt_16threadkit_common5redisNtB6_11RedisClient12get_presence00CsbuQPXyPdc1s_19threadkit_websocket
FN:1480,_RNCNCNvMNtCsiekp5I1RHQt_16threadkit_common5redisNtB6_11RedisClient15get_site_config00CsbuQPXyPdc1s_19threadkit_websocket
FN:1465,_RNCNCNvMNtCsiekp5I1RHQt_16threadkit_common5redisNtB6_11RedisClient21get_cached_project_id00CsbuQPXyPdc1s_19threadkit_websocket
FN:1331,_RNCNvMNtCsiekp5I1RHQt_16threadkit_common5redisNtB4_11RedisClient10set_typing0CsbuQPXyPdc1s_19threadkit_websocket
FN:1363,_RNCNvMNtCsiekp5I1RHQt_16threadkit_common5redisNtB4_11RedisClient12add_presence0CsbuQPXyPdc1s_19threadkit_websocket
FN:1377,_RNCNvMNtCsiekp5I1RHQt_16threadkit_common5redisNtB4_11RedisClient12get_presence0CsbuQPXyPdc1s_19threadkit_websocket
FN:1478,_RNCNvMNtCsiekp5I1RHQt_16threadkit_common5redisNtB4_11RedisClient15get_site_config0CsbuQPXyPdc1s_19threadkit_websocket
FN:1424,_RNCNvMNtCsiekp5I1RHQt_16threadkit_common5redisNtB4_11RedisClient15increment_usage0CsbuQPXyPdc1s_19threadkit_websocket
FN:1370,_RNCNvMNtCsiekp5I1RHQt_16threadkit_common5redisNtB4_11RedisClient15remove_presence0CsbuQPXyPdc1s_19threadkit_websocket
FN:1449,_RNCNvMNtCsiekp5I1RHQt_16threadkit_common5redisNtB4_11RedisClient16cache_project_id0CsbuQPXyPdc1s_19threadkit_websocket
FN:1432,_RNCNvMNtCsiekp5I1RHQt_16threadkit_common5redisNtB4_11RedisClient18add_unique_visitor0CsbuQPXyPdc1s_19threadkit_websocket
FN:1463,_RNCNvMNtCsiekp5I1RHQt_16threadkit_common5redisNtB4_11RedisClient21get_cached_project_id0CsbuQPXyPdc1s_19threadkit_websocket
FN:1484,_RNCNvMNtCsiekp5I1RHQt_16threadkit_common5redisNtB4_11RedisClient26get_site_config_by_api_key0CsbuQPXyPdc1s_19threadkit_websocket
FN:1623,_RNCNvMNtCsiekp5I1RHQt_16threadkit_common5redisNtB4_11RedisClient7publish0CsbuQPXyPdc1s_19threadkit_websocket
FN:132,_RNCNvMNtCsiekp5I1RHQt_16threadkit_common5redisNtB4_11RedisClient8get_user0CsbuQPXyPdc1s_19threadkit_websocket
FN:57,_RNCNCNvMNtCsiekp5I1RHQt_16threadkit_common5redisNtB6_11RedisClient16load_lua_scripts00Cs2N948IYtZ75_11media_tests
FN:66,_RNCNCNvMNtCsiekp5I1RHQt_16threadkit_common5redisNtB6_11RedisClient16load_lua_scripts0s0_0Cs2N948IYtZ75_11media_tests
FN:67,_RNCNCNvMNtCsiekp5I1RHQt_16threadkit_common5redisNtB6_11RedisClient16load_lua_scripts0s1_0Cs2N948IYtZ75_11media_tests
FN:70,_RNCNCNvMNtCsiekp5I1RHQt_16threadkit_common5redisNtB6_11RedisClient16load_lua_scripts0s2_0Cs2N948IYtZ75_11media_tests
FN:72,_RNCNCNvMNtCsiekp5I1RHQt_16threadkit_common5redisNtB6_11RedisClient16load_lua_scripts0s3_0Cs2N948IYtZ75_11media_tests
FN:73,_RNCNCNvMNtCsiekp5I1RHQt_16threadkit_common5redisNtB6_11RedisClient16load_lua_scripts0s4_0Cs2N948IYtZ75_11media_tests
FN:76,_RNCNCNvMNtCsiekp5I1RHQt_16threadkit_common5redisNtB6_11RedisClient16load_lua_scripts0s5_0Cs2N948IYtZ75_11media_tests
FN:89,_RNCNCNvMNtCsiekp5I1RHQt_16threadkit_common5redisNtB6_11RedisClient16load_lua_scripts0s6_0Cs2N948IYtZ75_11media_tests
FN:58,_RNCNCNvMNtCsiekp5I1RHQt_16threadkit_common5redisNtB6_11RedisClient16load_lua_scripts0s_0Cs2N948IYtZ75_11media_tests
FN:52,_RNCNvMNtCsiekp5I1RHQt_16threadkit_common5redisNtB4_11RedisClient16load_lua_scripts0Cs2N948IYtZ75_11media_tests
FN:40,_RNCNvMNtCsiekp5I1RHQt_16threadkit_common5redisNtB4_11RedisClient3new0Cs2N948IYtZ75_11media_tests
FN:57,_RNCNCNvMNtCsiekp5I1RHQt_16threadkit_common5redisNtB6_11RedisClient16load_lua_scripts00Cs9WZ6y3JiwVO_16moderation_tests
FN:66,_RNCNCNvMNtCsiekp5I1RHQt_16threadkit_common5redisNtB6_11RedisClient16load_lua_scripts0s0_0Cs9WZ6y3JiwVO_16moderation_tests
FN:67,_RNCNCNvMNtCsiekp5I1RHQt_16threadkit_common5redisNtB6_11RedisClient16load_lua_scripts0s1_0Cs9WZ6y3JiwVO_16moderation_tests
FN:70,_RNCNCNvMNtCsiekp5I1RHQt_16threadkit_common5redisNtB6_11RedisClient16load_lua_scripts0s2_0Cs9WZ6y3JiwVO_16moderation_tests
FN:72,_RNCNCNvMNtCsiekp5I1RHQt_16threadkit_common5redisNtB6_11RedisClient16load_lua_scripts0s3_0Cs9WZ6y3JiwVO_16moderation_tests
FN:73,_RNCNCNvMNtCsiekp5I1RHQt_16threadkit_common5redisNtB6_11RedisClient16load_lua_scripts0s4_0Cs9WZ6y3JiwVO_16moderation_tests
FN:76,_RNCNCNvMNtCsiekp5I1RHQt_16threadkit_common5redisNtB6_11RedisClient16load_lua_scripts0s5_0Cs9WZ6y3JiwVO_16moderation_tests
FN:89,_RNCNCNvMNtCsiekp5I1RHQt_16threadkit_common5redisNtB6_11RedisClient16load_lua_scripts0s6_0Cs9WZ6y3JiwVO_16moderation_tests
FN:58,_RNCNCNvMNtCsiekp5I1RHQt_16threadkit_common5redisNtB6_11RedisClient16load_lua_scripts0s_0Cs9WZ6y3JiwVO_16moderation_tests
FN:52,_RNCNvMNtCsiekp5I1RHQt_16threadkit_common5redisNtB4_11RedisClient16load_lua_scripts0Cs9WZ6y3JiwVO_16moderation_tests
FN:1469,_RNCNvMNtCsiekp5I1RHQt_16threadkit_common5redisNtB4_11RedisClient27invalidate_project_id_cache0Cs9WZ6y3JiwVO_16moderation_tests
FN:40,_RNCNvMNtCsiekp5I1RHQt_16threadkit_common5redisNtB4_11RedisClient3new0Cs9WZ6y3JiwVO_16moderation_tests
FN:57,_RNCNCNvMNtCsiekp5I1RHQt_16threadkit_common5redisNtB6_11RedisClient16load_lua_scripts00CskHzlUDlR1w5_16rate_limit_tests
FN:66,_RNCNCNvMNtCsiekp5I1RHQt_16threadkit_common5redisNtB6_11RedisClient16load_lua_scripts0s0_0CskHzlUDlR1w5_16rate_limit_tests
FN:67,_RNCNCNvMNtCsiekp5I1RHQt_16threadkit_common5redisNtB6_11RedisClient16load_lua_scripts0s1_0CskHzlUDlR1w5_16rate_limit_tests
FN:70,_RNCNCNvMNtCsiekp5I1RHQt_16threadkit_common5redisNtB6_11RedisClient16load_lua_scripts0s2_0CskHzlUDlR1w5_16rate_limit_tests
FN:72,_RNCNCNvMNtCsiekp5I1RHQt_16threadkit_common5redisNtB6_11RedisClient16load_lua_scripts0s3_0CskHzlUDlR1w5_16rate_limit_tests
FN:73,_RNCNCNvMNtCsiekp5I1RHQt_16threadkit_common5redisNtB6_11RedisClient16load_lua_scripts0s4_0CskHzlUDlR1w5_16rate_limit_tests
FN:76,_RNCNCNvMNtCsiekp5I1RHQt_16threadkit_common5redisNtB6_11RedisClient16load_lua_scripts0s5_0CskHzlUDlR1w5_16rate_limit_tests
FN:89,_RNCNCNvMNtCsiekp5I1RHQt_16threadkit_common5redisNtB6_11RedisClient16load_lua_scripts0s6_0CskHzlUDlR1w5_16rate_limit_tests
FN:58,_RNCNCNvMNtCsiekp5I1RHQt_16threadkit_common5redisNtB6_11RedisClient16load_lua_scripts0s_0CskHzlUDlR1w5_16rate_limit_tests
FN:52,_RNCNvMNtCsiekp5I1RHQt_16threadkit_common5redisNtB4_11RedisClient16load_lua_scripts0CskHzlUDlR1w5_16rate_limit_tests
FN:40,_RNCNvMNtCsiekp5I1RHQt_16threadkit_common5redisNtB4_11RedisClient3new0CskHzlUDlR1w5_16rate_limit_tests
FN:2009,_RINvMNtCsiekp5I1RHQt_16threadkit_common5redisNtB3_11RedisClient12hsetall_jsonNtNtB5_5types4UserECshw9S9r8R7ht_18subscription_tests
FN:2009,_RNCINvMNtCsiekp5I1RHQt_16threadkit_common5redisNtB5_11RedisClient12hsetall_jsonNtNtB7_5types4UserE0Cshw9S9r8R7ht_18subscription_tests
FN:2014,_RNCNCINvMNtCsiekp5I1RHQt_16threadkit_common5redisNtB7_11RedisClient12hsetall_jsonNtNtB9_5types4UserE00Cshw9S9r8R7ht_18subscription_tests
FN:57,_RNCNCNvMNtCsiekp5I1RHQt_16threadkit_common5redisNtB6_11RedisClient16load_lua_scripts00Cshw9S9r8R7ht_18subscription_tests
FN:66,_RNCNCNvMNtCsiekp5I1RHQt_16threadkit_common5redisNtB6_11RedisClient16load_lua_scripts0s0_0Cshw9S9r8R7ht_18subscription_tests
FN:67,_RNCNCNvMNtCsiekp5I1RHQt_16threadkit_common5redisNtB6_11RedisClient16load_lua_scripts0s1_0Cshw9S9r8R7ht_18subscription_tests
FN:70,_RNCNCNvMNtCsiekp5I1RHQt_16threadkit_common5redisNtB6_11RedisClient16load_lua_scripts0s2_0Cshw9S9r8R7ht_18subscription_tests
FN:72,_RNCNCNvMNtCsiekp5I1RHQt_16threadkit_common5redisNtB6_11RedisClient16load_lua_scripts0s3_0Cshw9S9r8R7ht_18subscription_tests
FN:73,_RNCNCNvMNtCsiekp5I1RHQt_16threadkit_common5redisNtB6_11RedisClient16load_lua_scripts0s4_0Cshw9S9r8R7ht_18subscription_tests
FN:76,_RNCNCNvMNtCsiekp5I1RHQt_16threadkit_common5redisNtB6_11RedisClient16load_lua_scripts0s5_0Cshw9S9r8R7ht_18subscription_tests
FN:89,_RNCNCNvMNtCsiekp5I1RHQt_16threadkit_common5redisNtB6_11RedisClient16load_lua_scripts0s6_0Cshw9S9r8R7ht_18subscription_tests
FN:58,_RNCNCNvMNtCsiekp5I1RHQt_16threadkit_common5redisNtB6_11RedisClient16load_lua_scripts0s_0Cshw9S9r8R7ht_18subscription_tests
FN:1506,_RNCNvMNtCsiekp5I1RHQt_16threadkit_common5redisNtB4_11RedisClient15set_site_config0Cshw9S9r8R7ht_18subscription_tests
FN:52,_RNCNvMNtCsiekp5I1RHQt_16threadkit_common5redisNtB4_11RedisClient16load_lua_scripts0Cshw9S9r8R7ht_18subscription_tests
FN:40,_RNCNvMNtCsiekp5I1RHQt_16threadkit_common5redisNtB4_11RedisClient3new0Cshw9S9r8R7ht_18subscription_tests
FN:136,_RNCNvMNtCsiekp5I1RHQt_16threadkit_common5redisNtB4_11RedisClient8set_user0Cshw9S9r8R7ht_18subscription_tests
FN:1982,_RINvMNtCs9dCHYEAjrI1_16threadkit_common5redisNtB3_11RedisClient12hgetall_jsonpEB5_
FN:2009,_RINvMNtCs9dCHYEAjrI1_16threadkit_common5redisNtB3_11RedisClient12hsetall_jsonpEB5_
FN:1982,_RNCINvMNtCs9dCHYEAjrI1_16threadkit_common5redisNtB5_11RedisClient12hgetall_jsonpE0B7_
FN:2009,_RNCINvMNtCs9dCHYEAjrI1_16threadkit_common5redisNtB5_11RedisClient12hsetall_jsonpE0B7_
FN:2000,_RNCNCINvMNtCs9dCHYEAjrI1_16threadkit_common5redisNtB7_11RedisClient12hgetall_jsonpE00B9_
FN:2014,_RNCNCINvMNtCs9dCHYEAjrI1_16threadkit_common5redisNtB7_11RedisClient12hsetall_jsonpE00B9_
FN:649,_RNCNCNCNvMNtCs9dCHYEAjrI1_16threadkit_common5redisNtB8_11RedisClient15get_users_batch000Ba_
FN:655,_RNCNCNCNvMNtCs9dCHYEAjrI1_16threadkit_common5redisNtB8_11RedisClient15get_users_batch0s_00Ba_
FN:667,_RNCNCNCNvMNtCs9dCHYEAjrI1_16threadkit_common5redisNtB8_11RedisClient15get_votes_batch000Ba_
FN:673,_RNCNCNCNvMNtCs9dCHYEAjrI1_16threadkit_common5redisNtB8_11RedisClient15get_votes_batch0s_00Ba_
FN:1907,_RNCNCNCNvMNtCs9dCHYEAjrI1_16threadkit_common5redisNtB8_11RedisClient19get_pinned_comments000Ba_
FN:933,_RNCNCNvMNtCs9dCHYEAjrI1_16threadkit_common5redisNtB6_11RedisClient10get_admins00B8_
FN:820,_RNCNCNvMNtCs9dCHYEAjrI1_16threadkit_common5redisNtB6_11RedisClient11atomic_vote00B8_
FN:843,_RNCNCNvMNtCs9dCHYEAjrI1_16threadkit_common5redisNtB6_11RedisClient11atomic_vote0s0_0B8_
FN:845,_RNCNCNvMNtCs9dCHYEAjrI1_16threadkit_common5redisNtB6_11RedisClient11atomic_vote0s1_0B8_
FN:871,_RNCNCNvMNtCs9dCHYEAjrI1_16threadkit_common5redisNtB6_11RedisClient11atomic_vote0s2_0B8_
FN:872,_RNCNCNvMNtCs9dCHYEAjrI1_16threadkit_common5redisNtB6_11RedisClient11atomic_vote0s3_0B8_
FN:873,_RNCNCNvMNtCs9dCHYEAjrI1_16threadkit_common5redisNtB6_11RedisClient11atomic_vote0s4_0B8_
FN:874,_RNCNCNvMNtCs9dCHYEAjrI1_16threadkit_common5redisNtB6_11RedisClient11atomic_vote0s5_0B8_
FN:823,_RNCNCNvMNtCs9dCHYEAjrI1_16threadkit_common5redisNtB6_11RedisClient11atomic_vote0s_0B8_
FN:1615,_RNCNCNvMNtCs9dCHYEAjrI1_16threadkit_common5redisNtB6_11RedisClient11get_reports00B8_
FN:1382,_RNCNCNvMNtCs9dCHYEAjrI1_16threadkit_common5redisNtB6_11RedisClient12get_presence00B8_
FN:260,_RNCNCNvMNtCs9dCHYEAjrI1_16threadkit_common5redisNtB6_11RedisClient13get_page_tree00B8_
FN:1099,_RNCNCNvMNtCs9dCHYEAjrI1_16threadkit_common5redisNtB6_11RedisClient14get_blocked_by00B8_
FN:955,_RNCNCNvMNtCs9dCHYEAjrI1_16threadkit_common5redisNtB6_11RedisClient14get_moderators00B8_
FN:500,_RNCNCNvMNtCs9dCHYEAjrI1_16threadkit_common5redisNtB6_11RedisClient14get_reports_v200B8_
FN:1287,_RNCNCNvMNtCs9dCHYEAjrI1_16threadkit_common5redisNtB6_11RedisClient14get_user_media00B8_
FN:1775,_RNCNCNvMNtCs9dCHYEAjrI1_16threadkit_common5redisNtB6_11RedisClient14get_user_votes00B8_
FN:454,_RNCNCNvMNtCs9dCHYEAjrI1_16threadkit_common5redisNtB6_11RedisClient15get_modqueue_v200B8_
FN:1480,_RNCNCNvMNtCs9dCHYEAjrI1_16threadkit_common5redisNtB6_11RedisClient15get_site_config00B8_
FN:649,_RNCNCNvMNtCs9dCHYEAjrI1_16threadkit_common5redisNtB6_11RedisClient15get_users_batch00B8_
FN:655,_RNCNCNvMNtCs9dCHYEAjrI1_16threadkit_common5redisNtB6_11RedisClient15get_users_batch0s_0B8_
FN:667,_RNCNCNvMNtCs9dCHYEAjrI1_16threadkit_common5redisNtB6_11RedisClient15get_votes_batch00B8_
FN:673,_RNCNCNvMNtCs9dCHYEAjrI1_16threadkit_common5redisNtB6_11RedisClient15get_votes_batch0s_0B8_
FN:1956,_RNCNCNvMNtCs9dCHYEAjrI1_16threadkit_common5redisNtB6_11RedisClient16get_locked_pages00B8_
FN:1317,_RNCNCNvMNtCs9dCHYEAjrI1_16threadkit_common5redisNtB6_11RedisClient16get_session_user00B8_
FN:1360,_RNCNCNvMNtCs9dCHYEAjrI1_16threadkit_common5redisNtB6_11RedisClient16get_typing_users00B8_
FN:57,_RNCNCNvMNtCs9dCHYEAjrI1_16threadkit_common5redisNtB6_11RedisClient16load_lua_scripts00B8_
FN:66,_RNCNCNvMNtCs9dCHYEAjrI1_16threadkit_common5redisNtB6_11RedisClient16load_lua_scripts0s0_0B8_
FN:67,_RNCNCNvMNtCs9dCHYEAjrI1_16threadkit_common5redisNtB6_11RedisClient16load_lua_scripts0s1_0B8_
FN:70,_RNCNCNvMNtCs9dCHYEAjrI1_16threadkit_common5redisNtB6_11RedisClient16load_lua_scripts0s2_0B8_
FN:72,_RNCNCNvMNtCs9dCHYEAjrI1_16threadkit_common5redisNtB6_11RedisClient16load_lua_scripts0s3_0B8_
FN:73,_RNCNCNvMNtCs9dCHYEAjrI1_16threadkit_common5redisNtB6_11RedisClient16load_lua_scripts0s4_0B8_
FN:76,_RNCNCNvMNtCs9dCHYEAjrI1_16threadkit_common5redisNtB6_11RedisClient16load_lua_scripts0s5_0B8_
FN:89,_RNCNCNvMNtCs9dCHYEAjrI1_16threadkit_common5redisNtB6_11RedisClient16load_lua_scripts0s6_0B8_
FN:58,_RNCNCNvMNtCs9dCHYEAjrI1_16threadkit_common5redisNtB6_11RedisClient16load_lua_scripts0s_0B8_
FN:1090,_RNCNCNvMNtCs9dCHYEAjrI1_16threadkit_common5redisNtB6_11RedisClient17get_blocked_users00B8_
FN:1141,_RNCNCNvMNtCs9dCHYEAjrI1_16threadkit_common5redisNtB6_11RedisClient17get_notifications00B8_
FN:603,_RNCNCNvMNtCs9dCHYEAjrI1_16threadkit_common5redisNtB6_11RedisClient17get_page_comments00B8_
FN:142,_RNCNCNvMNtCs9dCHYEAjrI1_16threadkit_common5redisNtB6_11RedisClient17get_user_by_email00B8_
FN:196,_RNCNCNvMNtCs9dCHYEAjrI1_16threadkit_common5redisNtB6_11RedisClient17get_user_by_phone00B8_
FN:1005,_RNCNCNvMNtCs9dCHYEAjrI1_16threadkit_common5redisNtB6_11RedisClient17get_user_comments00B8_
[...]
FNDA:0,_RNvMs_NtCsbuQPXyPdc1s_19threadkit_websocket8messagesNtB4_13ServerMessage12notification
FNDA:0,_RNvMs_NtCsbuQPXyPdc1s_19threadkit_websocket8messagesNtB4_13ServerMessage14delete_comment
FNDA:94,_RNvMs_NtCsbuQPXyPdc1s_19threadkit_websocket8messagesNtB4_13ServerMessage3new
FNDA:4,_RNvMs_NtCsbuQPXyPdc1s_19threadkit_websocket8messagesNtB4_13ServerMessage4pong
FNDA:4,_RNvMs_NtCsbuQPXyPdc1s_19threadkit_websocket8messagesNtB4_13ServerMessage5error
FNDA:4,_RNvMs_NtCsbuQPXyPdc1s_19threadkit_websocket8messagesNtB4_13ServerMessage6typing
FNDA:96,_RNvMs_NtCsbuQPXyPdc1s_19threadkit_websocket8messagesNtB4_13ServerMessage7to_json
FNDA:31,_RNvMs_NtCsbuQPXyPdc1s_19threadkit_websocket8messagesNtB4_13ServerMessage8presence
FNDA:33,_RNvMs_NtCsbuQPXyPdc1s_19threadkit_websocket8messagesNtB4_13ServerMessage9connected
FNDA:3,_RNvMs_NtCsbuQPXyPdc1s_19threadkit_websocket8messagesNtB4_13ServerMessage9user_left
FNDA:33,_RNCNvMNtCsbuQPXyPdc1s_19threadkit_websocket8messagesNtB4_13ClientMessage8from_rpc0B6_
FNDA:2,_RNCNvMNtCsbuQPXyPdc1s_19threadkit_websocket8messagesNtB4_13ClientMessage8from_rpcs0_0B6_
FNDA:2,_RNCNvMNtCsbuQPXyPdc1s_19threadkit_websocket8messagesNtB4_13ClientMessage8from_rpcs1_0B6_
FNDA:7,_RNCNvMNtCsbuQPXyPdc1s_19threadkit_websocket8messagesNtB4_13ClientMessage8from_rpcs2_0B6_
FNDA:7,_RNCNvMNtCsbuQPXyPdc1s_19threadkit_websocket8messagesNtB4_13ClientMessage8from_rpcs3_0B6_
FNDA:1,_RNCNvMNtCsbuQPXyPdc1s_19threadkit_websocket8messagesNtB4_13ClientMessage8from_rpcs4_0B6_
FNDA:1,_RNCNvMNtCsbuQPXyPdc1s_19threadkit_websocket8messagesNtB4_13ClientMessage8from_rpcs5_0B6_
FNDA:33,_RNCNvMNtCsbuQPXyPdc1s_19threadkit_websocket8messagesNtB4_13ClientMessage8from_rpcs_0B6_
FNDA:0,_RNvMs_NtCscZ3GRALPr5A_19threadkit_websocket8messagesNtB4_13ServerMessage11new_comment
FNDA:0,_RNvMs_NtCscZ3GRALPr5A_19threadkit_websocket8messagesNtB4_13ServerMessage11vote_update
FNDA:0,_RNvMs_NtCscZ3GRALPr5A_19threadkit_websocket8messagesNtB4_13ServerMessage12edit_comment
FNDA:0,_RNvMs_NtCscZ3GRALPr5A_19threadkit_websocket8messagesNtB4_13ServerMessage12notification
FNDA:0,_RNvMs_NtCscZ3GRALPr5A_19threadkit_websocket8messagesNtB4_13ServerMessage14delete_comment
FNDA:2,_RNvMNtCscZ3GRALPr5A_19threadkit_websocket8messagesNtB2_13ClientMessage8from_rpc
FNDA:0,_RNvMs_NtCscZ3GRALPr5A_19threadkit_websocket8messagesNtB4_13ServerMessage11user_joined
FNDA:2,_RNvMs_NtCscZ3GRALPr5A_19threadkit_websocket8messagesNtB4_13ServerMessage3new
FNDA:0,_RNvMs_NtCscZ3GRALPr5A_19threadkit_websocket8messagesNtB4_13ServerMessage4pong
FNDA:1,_RNvMs_NtCscZ3GRALPr5A_19threadkit_websocket8messagesNtB4_13ServerMessage5error
FNDA:0,_RNvMs_NtCscZ3GRALPr5A_19threadkit_websocket8messagesNtB4_13ServerMessage6typing
FNDA:2,_RNvMs_NtCscZ3GRALPr5A_19threadkit_websocket8messagesNtB4_13ServerMessage7to_json
FNDA:0,_RNvMs_NtCscZ3GRALPr5A_19threadkit_websocket8messagesNtB4_13ServerMessage8presence
FNDA:1,_RNvMs_NtCscZ3GRALPr5A_19threadkit_websocket8messagesNtB4_13ServerMessage9connected
FNDA:0,_RNvMs_NtCscZ3GRALPr5A_19threadkit_websocket8messagesNtB4_13ServerMessage9user_left
FNDA:1,_RNvNtNtCscZ3GRALPr5A_19threadkit_websocket8messages5testss_17test_parse_typing
FNDA:1,_RNvNtNtCscZ3GRALPr5A_19threadkit_websocket8messages5testss_18test_error_message
FNDA:1,_RNvNtNtCscZ3GRALPr5A_19threadkit_websocket8messages5testss_20test_parse_subscribe
FNDA:1,_RNvNtNtCscZ3GRALPr5A_19threadkit_websocket8messages5testss_24test_server_message_json
FNDA:1,_RNCNvMNtCscZ3GRALPr5A_19threadkit_websocket8messagesNtB4_13ClientMessage8from_rpc0B6_
FNDA:0,_RNCNvMNtCscZ3GRALPr5A_19threadkit_websocket8messagesNtB4_13ClientMessage8from_rpcs0_0B6_
FNDA:0,_RNCNvMNtCscZ3GRALPr5A_19threadkit_websocket8messagesNtB4_13ClientMessage8from_rpcs1_0B6_
FNDA:1,_RNCNvMNtCscZ3GRALPr5A_19threadkit_websocket8messagesNtB4_13ClientMessage8from_rpcs2_0B6_
FNDA:1,_RNCNvMNtCscZ3GRALPr5A_19threadkit_websocket8messagesNtB4_13ClientMessage8from_rpcs3_0B6_
FNDA:1,_RNCNvMNtCscZ3GRALPr5A_19threadkit_websocket8messagesNtB4_13ClientMessage8from_rpcs4_0B6_
FNDA:1,_RNCNvMNtCscZ3GRALPr5A_19threadkit_websocket8messagesNtB4_13ClientMessage8from_rpcs5_0B6_
FNDA:1,_RNCNvMNtCscZ3GRALPr5A_19threadkit_websocket8messagesNtB4_13ClientMessage8from_rpcs_0B6_
FNF:27
FNH:22
DA:38,50
DA:39,50
DA:40,1
DA:41,49
DA:43,49
DA:44,49
DA:45,34
DA:46,34
DA:47,34
DA:48,34
DA:49,34
DA:51,15
DA:52,2
DA:53,2
DA:54,2
DA:55,2
DA:56,2
DA:58,13
DA:59,8
DA:60,8
DA:61,8
DA:62,8
DA:63,8
DA:64,8
DA:65,8
DA:66,8
DA:68,5
DA:69,1
DA:71,50
DA:87,96
DA:88,96
DA:89,96
DA:90,96
DA:91,96
DA:92,96
DA:93,96
DA:98,34
DA:99,34
DA:100,34
DA:102,34
DA:105,5
DA:106,5
DA:107,5
DA:108,5
DA:110,5
DA:113,4
DA:114,4
DA:115,4
DA:120,31
DA:121,31
DA:122,31
DA:123,31
DA:125,31
DA:128,15
DA:129,15
DA:130,15
DA:131,15
DA:133,15
DA:136,3
DA:137,3
DA:138,3
DA:139,3
DA:141,3
DA:146,4
DA:147,4
DA:148,4
DA:149,4
DA:150,4
DA:152,4
DA:157,0
DA:158,0
DA:159,0
DA:160,0
DA:162,0
DA:165,0
DA:166,0
DA:167,0
DA:168,0
DA:169,0
DA:170,0
DA:172,0
DA:175,0
DA:176,0
DA:177,0
DA:178,0
DA:180,0
DA:183,0
DA:184,0
DA:185,0
DA:186,0
DA:187,0
DA:188,0
DA:190,0
DA:195,0
DA:196,0
DA:197,0
DA:198,0
DA:199,0
DA:201,0
DA:204,98
DA:205,98
DA:206,98
DA:214,1
DA:215,1
DA:216,1
DA:217,1
DA:218,1
DA:219,1
DA:220,1
DA:221,1
DA:223,1
DA:224,1
DA:225,1
DA:226,1
DA:228,0
DA:230,1
DA:233,1
DA:234,1
DA:235,1
DA:236,1
DA:237,1
DA:238,1
DA:239,1
DA:240,1
DA:241,1
DA:243,1
DA:244,1
DA:245,1
DA:246,1
DA:247,1
DA:249,0
DA:251,1
DA:254,1
DA:255,1
DA:256,1
DA:257,1
DA:258,1
DA:259,1
DA:262,1
DA:263,1
DA:264,1
DA:265,1
DA:266,1
DA:267,1
BRF:0
BRH:0
LF:152
LH:120
end_of_record
SF:/Users/jt/code/threadkit/server/crates/websocket/src/pubsub.rs
FN:92,_RNvMNtCsbuQPXyPdc1s_19threadkit_websocket6pubsubNtB2_16PubSubSubscriber14handle_message
FN:36,_RNvMNtCsbuQPXyPdc1s_19threadkit_websocket6pubsubNtB2_16PubSubSubscriber3new
FN:61,_RNvMNtCsbuQPXyPdc1s_19threadkit_websocket6pubsubNtB2_16PubSubSubscriber3run
FN:50,_RNvMNtCsbuQPXyPdc1s_19threadkit_websocket6pubsubNtB2_16PubSubSubscriber5start
FN:197,_RNvMNtCsbuQPXyPdc1s_19threadkit_websocket6pubsubNtB2_16PubSubSubscriber9broadcast
FN:141,_RNCNvMNtCsbuQPXyPdc1s_19threadkit_websocket6pubsubNtB4_16PubSubSubscriber14handle_message0B6_
FN:144,_RNCNvMNtCsbuQPXyPdc1s_19threadkit_websocket6pubsubNtB4_16PubSubSubscriber14handle_messages0_0B6_
FN:145,_RNCNvMNtCsbuQPXyPdc1s_19threadkit_websocket6pubsubNtB4_16PubSubSubscriber14handle_messages1_0B6_
FN:147,_RNCNvMNtCsbuQPXyPdc1s_19threadkit_websocket6pubsubNtB4_16PubSubSubscriber14handle_messages2_0B6_
FN:148,_RNCNvMNtCsbuQPXyPdc1s_19threadkit_websocket6pubsubNtB4_16PubSubSubscriber14handle_messages3_0B6_
FN:162,_RNCNvMNtCsbuQPXyPdc1s_19threadkit_websocket6pubsubNtB4_16PubSubSubscriber14handle_messages4_0B6_
FN:163,_RNCNvMNtCsbuQPXyPdc1s_19threadkit_websocket6pubsubNtB4_16PubSubSubscriber14handle_messages5_0B6_
FN:164,_RNCNvMNtCsbuQPXyPdc1s_19threadkit_websocket6pubsubNtB4_16PubSubSubscriber14handle_messages6_0B6_
FN:168,_RNCNvMNtCsbuQPXyPdc1s_19threadkit_websocket6pubsubNtB4_16PubSubSubscriber14handle_messages7_0B6_
FN:169,_RNCNvMNtCsbuQPXyPdc1s_19threadkit_websocket6pubsubNtB4_16PubSubSubscriber14handle_messages8_0B6_
FN:171,_RNCNvMNtCsbuQPXyPdc1s_19threadkit_websocket6pubsubNtB4_16PubSubSubscriber14handle_messages9_0B6_
FN:142,_RNCNvMNtCsbuQPXyPdc1s_19threadkit_websocket6pubsubNtB4_16PubSubSubscriber14handle_messages_0B6_
FN:173,_RNCNvMNtCsbuQPXyPdc1s_19threadkit_websocket6pubsubNtB4_16PubSubSubscriber14handle_messagesa_0B6_
FN:61,_RNCNvMNtCsbuQPXyPdc1s_19threadkit_websocket6pubsubNtB4_16PubSubSubscriber3run0B6_
FN:51,_RNCNvMNtCsbuQPXyPdc1s_19threadkit_websocket6pubsubNtB4_16PubSubSubscriber5start0B6_
FN:141,_RNCNvMNtCscZ3GRALPr5A_19threadkit_websocket6pubsubNtB4_16PubSubSubscriber14handle_message0B6_
FN:144,_RNCNvMNtCscZ3GRALPr5A_19threadkit_websocket6pubsubNtB4_16PubSubSubscriber14handle_messages0_0B6_
FN:145,_RNCNvMNtCscZ3GRALPr5A_19threadkit_websocket6pubsubNtB4_16PubSubSubscriber14handle_messages1_0B6_
FN:147,_RNCNvMNtCscZ3GRALPr5A_19threadkit_websocket6pubsubNtB4_16PubSubSubscriber14handle_messages2_0B6_
FN:148,_RNCNvMNtCscZ3GRALPr5A_19threadkit_websocket6pubsubNtB4_16PubSubSubscriber14handle_messages3_0B6_
FN:162,_RNCNvMNtCscZ3GRALPr5A_19threadkit_websocket6pubsubNtB4_16PubSubSubscriber14handle_messages4_0B6_
FN:163,_RNCNvMNtCscZ3GRALPr5A_19threadkit_websocket6pubsubNtB4_16PubSubSubscriber14handle_messages5_0B6_
FN:164,_RNCNvMNtCscZ3GRALPr5A_19threadkit_websocket6pubsubNtB4_16PubSubSubscriber14handle_messages6_0B6_
FN:168,_RNCNvMNtCscZ3GRALPr5A_19threadkit_websocket6pubsubNtB4_16PubSubSubscriber14handle_messages7_0B6_
FN:169,_RNCNvMNtCscZ3GRALPr5A_19threadkit_websocket6pubsubNtB4_16PubSubSubscriber14handle_messages8_0B6_
FN:171,_RNCNvMNtCscZ3GRALPr5A_19threadkit_websocket6pubsubNtB4_16PubSubSubscriber14handle_messages9_0B6_
FN:142,_RNCNvMNtCscZ3GRALPr5A_19threadkit_websocket6pubsubNtB4_16PubSubSubscriber14handle_messages_0B6_
FN:173,_RNCNvMNtCscZ3GRALPr5A_19threadkit_websocket6pubsubNtB4_16PubSubSubscriber14handle_messagesa_0B6_
FN:61,_RNCNvMNtCscZ3GRALPr5A_19threadkit_websocket6pubsubNtB4_16PubSubSubscriber3run0B6_
FN:51,_RNCNvMNtCscZ3GRALPr5A_19threadkit_websocket6pubsubNtB4_16PubSubSubscriber5start0B6_
FN:92,_RNvMNtCscZ3GRALPr5A_19threadkit_websocket6pubsubNtB2_16PubSubSubscriber14handle_message
FN:36,_RNvMNtCscZ3GRALPr5A_19threadkit_websocket6pubsubNtB2_16PubSubSubscriber3new
FN:61,_RNvMNtCscZ3GRALPr5A_19threadkit_websocket6pubsubNtB2_16PubSubSubscriber3run
FN:50,_RNvMNtCscZ3GRALPr5A_19threadkit_websocket6pubsubNtB2_16PubSubSubscriber5start
FN:197,_RNvMNtCscZ3GRALPr5A_19threadkit_websocket6pubsubNtB2_16PubSubSubscriber9broadcast
FNDA:0,_RNvMNtCsbuQPXyPdc1s_19threadkit_websocket6pubsubNtB2_16PubSubSubscriber14handle_message
FNDA:0,_RNvMNtCsbuQPXyPdc1s_19threadkit_websocket6pubsubNtB2_16PubSubSubscriber3new
FNDA:0,_RNvMNtCsbuQPXyPdc1s_19threadkit_websocket6pubsubNtB2_16PubSubSubscriber3run
FNDA:0,_RNvMNtCsbuQPXyPdc1s_19threadkit_websocket6pubsubNtB2_16PubSubSubscriber5start
FNDA:0,_RNvMNtCsbuQPXyPdc1s_19threadkit_websocket6pubsubNtB2_16PubSubSubscriber9broadcast
FNDA:0,_RNCNvMNtCsbuQPXyPdc1s_19threadkit_websocket6pubsubNtB4_16PubSubSubscriber14handle_message0B6_
FNDA:0,_RNCNvMNtCsbuQPXyPdc1s_19threadkit_websocket6pubsubNtB4_16PubSubSubscriber14handle_messages0_0B6_
FNDA:0,_RNCNvMNtCsbuQPXyPdc1s_19threadkit_websocket6pubsubNtB4_16PubSubSubscriber14handle_messages1_0B6_
FNDA:0,_RNCNvMNtCsbuQPXyPdc1s_19threadkit_websocket6pubsubNtB4_16PubSubSubscriber14handle_messages2_0B6_
FNDA:0,_RNCNvMNtCsbuQPXyPdc1s_19threadkit_websocket6pubsubNtB4_16PubSubSubscriber14handle_messages3_0B6_
FNDA:0,_RNCNvMNtCsbuQPXyPdc1s_19threadkit_websocket6pubsubNtB4_16PubSubSubscriber14handle_messages4_0B6_
FNDA:0,_RNCNvMNtCsbuQPXyPdc1s_19threadkit_websocket6pubsubNtB4_16PubSubSubscriber14handle_messages5_0B6_
FNDA:0,_RNCNvMNtCsbuQPXyPdc1s_19threadkit_websocket6pubsubNtB4_16PubSubSubscriber14handle_messages6_0B6_
FNDA:0,_RNCNvMNtCsbuQPXyPdc1s_19threadkit_websocket6pubsubNtB4_16PubSubSubscriber14handle_messages7_0B6_
FNDA:0,_RNCNvMNtCsbuQPXyPdc1s_19threadkit_websocket6pubsubNtB4_16PubSubSubscriber14handle_messages8_0B6_
FNDA:0,_RNCNvMNtCsbuQPXyPdc1s_19threadkit_websocket6pubsubNtB4_16PubSubSubscriber14handle_messages9_0B6_
FNDA:0,_RNCNvMNtCsbuQPXyPdc1s_19threadkit_websocket6pubsubNtB4_16PubSubSubscriber14handle_messages_0B6_
FNDA:0,_RNCNvMNtCsbuQPXyPdc1s_19threadkit_websocket6pubsubNtB4_16PubSubSubscriber14handle_messagesa_0B6_
FNDA:0,_RNCNvMNtCsbuQPXyPdc1s_19threadkit_websocket6pubsubNtB4_16PubSubSubscriber3run0B6_
FNDA:0,_RNCNvMNtCsbuQPXyPdc1s_19threadkit_websocket6pubsubNtB4_16PubSubSubscriber5start0B6_
FNDA:0,_RNCNvMNtCscZ3GRALPr5A_19threadkit_websocket6pubsubNtB4_16PubSubSubscriber14handle_message0B6_
FNDA:0,_RNCNvMNtCscZ3GRALPr5A_19threadkit_websocket6pubsubNtB4_16PubSubSubscriber14handle_messages0_0B6_
FNDA:0,_RNCNvMNtCscZ3GRALPr5A_19threadkit_websocket6pubsubNtB4_16PubSubSubscriber14handle_messages1_0B6_
FNDA:0,_RNCNvMNtCscZ3GRALPr5A_19threadkit_websocket6pubsubNtB4_16PubSubSubscriber14handle_messages2_0B6_
FNDA:0,_RNCNvMNtCscZ3GRALPr5A_19threadkit_websocket6pubsubNtB4_16PubSubSubscriber14handle_messages3_0B6_
FNDA:0,_RNCNvMNtCscZ3GRALPr5A_19threadkit_websocket6pubsubNtB4_16PubSubSubscriber14handle_messages4_0B6_
FNDA:0,_RNCNvMNtCscZ3GRALPr5A_19threadkit_websocket6pubsubNtB4_16PubSubSubscriber14handle_messages5_0B6_
FNDA:0,_RNCNvMNtCscZ3GRALPr5A_19threadkit_websocket6pubsubNtB4_16PubSubSubscriber14handle_messages6_0B6_
FNDA:0,_RNCNvMNtCscZ3GRALPr5A_19threadkit_websocket6pubsubNtB4_16PubSubSubscriber14handle_messages7_0B6_
FNDA:0,_RNCNvMNtCscZ3GRALPr5A_19threadkit_websocket6pubsubNtB4_16PubSubSubscriber14handle_messages8_0B6_
FNDA:0,_RNCNvMNtCscZ3GRALPr5A_19threadkit_websocket6pubsubNtB4_16PubSubSubscriber14handle_messages9_0B6_
FNDA:0,_RNCNvMNtCscZ3GRALPr5A_19threadkit_websocket6pubsubNtB4_16PubSubSubscriber14handle_messages_0B6_
FNDA:0,_RNCNvMNtCscZ3GRALPr5A_19threadkit_websocket6pubsubNtB4_16PubSubSubscriber14handle_messagesa_0B6_
FNDA:0,_RNCNvMNtCscZ3GRALPr5A_19threadkit_websocket6pubsubNtB4_16PubSubSubscriber3run0B6_
FNDA:0,_RNCNvMNtCscZ3GRALPr5A_19threadkit_websocket6pubsubNtB4_16PubSubSubscriber5start0B6_
FNDA:0,_RNvMNtCscZ3GRALPr5A_19threadkit_websocket6pubsubNtB2_16PubSubSubscriber14handle_message
FNDA:0,_RNvMNtCscZ3GRALPr5A_19threadkit_websocket6pubsubNtB2_16PubSubSubscriber3new
FNDA:0,_RNvMNtCscZ3GRALPr5A_19threadkit_websocket6pubsubNtB2_16PubSubSubscriber3run
FNDA:0,_RNvMNtCscZ3GRALPr5A_19threadkit_websocket6pubsubNtB2_16PubSubSubscriber5start
FNDA:0,_RNvMNtCscZ3GRALPr5A_19threadkit_websocket6pubsubNtB2_16PubSubSubscriber9broadcast
FNF:20
FNH:0
DA:36,0
DA:37,0
DA:38,0
DA:39,0
DA:40,0
DA:41,0
DA:42,0
DA:43,0
DA:44,0
DA:50,0
DA:51,0
DA:53,0
DA:54,0
DA:55,0
DA:56,0
DA:59,0
DA:61,0
DA:63,0
DA:64,0
DA:67,0
DA:68,0
DA:71,0
DA:75,0
DA:76,0
DA:79,0
DA:82,0
DA:83,0
DA:84,0
DA:87,0
DA:88,0
DA:89,0
DA:92,0
DA:94,0
DA:97,0
DA:98,0
DA:99,0
DA:100,0
DA:101,0
DA:103,0
DA:104,0
DA:106,0
DA:107,0
DA:112,0
DA:113,0
DA:115,0
DA:116,0
DA:121,0
DA:122,0
DA:123,0
DA:124,0
DA:125,0
DA:130,0
DA:131,0
DA:132,0
DA:133,0
DA:135,0
DA:136,0
DA:139,0
DA:140,0
DA:141,0
DA:142,0
DA:143,0
DA:144,0
DA:145,0
DA:146,0
DA:147,0
DA:148,0
DA:150,0
DA:151,0
DA:152,0
DA:155,0
DA:156,0
DA:160,0
DA:161,0
DA:162,0
DA:163,0
DA:164,0
DA:166,0
DA:167,0
DA:168,0
DA:169,0
DA:170,0
DA:171,0
DA:172,0
DA:173,0
DA:175,0
DA:176,0
DA:177,0
DA:180,0
DA:181,0
DA:186,0
DA:187,0
DA:191,0
DA:192,0
DA:193,0
DA:194,0
DA:197,0
DA:198,0
DA:199,0
DA:200,0
DA:201,0
DA:203,0
DA:204,0
DA:205,0
DA:209,0
DA:211,0
BRF:0
BRH:0
LF:121
LH:0
end_of_record
SF:/Users/jt/code/threadkit/server/crates/websocket/src/state.rs
FN:35,_RNCNvMNtCsbuQPXyPdc1s_19threadkit_websocket5stateNtB4_7WsState3new0CscjQi9PvWoBf_16connection_tests
FN:110,_RNvMNtCsbuQPXyPdc1s_19threadkit_websocket5stateNtB2_7WsState11get_metrics
FN:103,_RNvMNtCsbuQPXyPdc1s_19threadkit_websocket5stateNtB2_7WsState12message_sent
FN:98,_RNvMNtCsbuQPXyPdc1s_19threadkit_websocket5stateNtB2_7WsState16message_received
FN:90,_RNvMNtCsbuQPXyPdc1s_19threadkit_websocket5stateNtB2_7WsState17connection_closed
FN:80,_RNvMNtCsbuQPXyPdc1s_19threadkit_websocket5stateNtB2_7WsState17connection_opened
FN:55,_RNvMNtCsbuQPXyPdc1s_19threadkit_websocket5stateNtB2_7WsState21get_or_create_channel
FN:35,_RNvMNtCsbuQPXyPdc1s_19threadkit_websocket5stateNtB2_7WsState3new
FN:71,_RNvMNtCsbuQPXyPdc1s_19threadkit_websocket5stateNtB2_7WsState9broadcast
FN:66,_RNvMNtCsbuQPXyPdc1s_19threadkit_websocket5stateNtB2_7WsState9subscribe
FN:35,_RNCNvMNtCsbuQPXyPdc1s_19threadkit_websocket5stateNtB4_7WsState3new0B6_
FN:85,_RNCNvMNtCsbuQPXyPdc1s_19threadkit_websocket5stateNtB4_7WsState17connection_opened0B6_
FN:58,_RNCNvMNtCsbuQPXyPdc1s_19threadkit_websocket5stateNtB4_7WsState21get_or_create_channel0B6_
FN:35,_RNCNvMNtCsbuQPXyPdc1s_19threadkit_websocket5stateNtB4_7WsState3new0Cshw9S9r8R7ht_18subscription_tests
FN:35,_RNCNvMNtCsbuQPXyPdc1s_19threadkit_websocket5stateNtB4_7WsState3new0Cs7VmwUquk1Lm_19threadkit_websocket
FN:35,_RNCNvMNtCscZ3GRALPr5A_19threadkit_websocket5stateNtB4_7WsState3new0B6_
FN:110,_RNvMNtCscZ3GRALPr5A_19threadkit_websocket5stateNtB2_7WsState11get_metrics
FN:35,_RNvMNtCscZ3GRALPr5A_19threadkit_websocket5stateNtB2_7WsState3new
FN:103,_RNvMNtCscZ3GRALPr5A_19threadkit_websocket5stateNtB2_7WsState12message_sent
FN:98,_RNvMNtCscZ3GRALPr5A_19threadkit_websocket5stateNtB2_7WsState16message_received
FN:90,_RNvMNtCscZ3GRALPr5A_19threadkit_websocket5stateNtB2_7WsState17connection_closed
FN:80,_RNvMNtCscZ3GRALPr5A_19threadkit_websocket5stateNtB2_7WsState17connection_opened
FN:55,_RNvMNtCscZ3GRALPr5A_19threadkit_websocket5stateNtB2_7WsState21get_or_create_channel
FN:71,_RNvMNtCscZ3GRALPr5A_19threadkit_websocket5stateNtB2_7WsState9broadcast
FN:66,_RNvMNtCscZ3GRALPr5A_19threadkit_websocket5stateNtB2_7WsState9subscribe
FN:85,_RNCNvMNtCscZ3GRALPr5A_19threadkit_websocket5stateNtB4_7WsState17connection_opened0B6_
FN:58,_RNCNvMNtCscZ3GRALPr5A_19threadkit_websocket5stateNtB4_7WsState21get_or_create_channel0B6_
FNDA:10,_RNCNvMNtCsbuQPXyPdc1s_19threadkit_websocket5stateNtB4_7WsState3new0CscjQi9PvWoBf_16connection_tests
FNDA:6,_RNvMNtCsbuQPXyPdc1s_19threadkit_websocket5stateNtB2_7WsState11get_metrics
FNDA:96,_RNvMNtCsbuQPXyPdc1s_19threadkit_websocket5stateNtB2_7WsState12message_sent
FNDA:49,_RNvMNtCsbuQPXyPdc1s_19threadkit_websocket5stateNtB2_7WsState16message_received
FNDA:7,_RNvMNtCsbuQPXyPdc1s_19threadkit_websocket5stateNtB2_7WsState17connection_closed
FNDA:33,_RNvMNtCsbuQPXyPdc1s_19threadkit_websocket5stateNtB2_7WsState17connection_opened
FNDA:31,_RNvMNtCsbuQPXyPdc1s_19threadkit_websocket5stateNtB2_7WsState21get_or_create_channel
FNDA:24,_RNvMNtCsbuQPXyPdc1s_19threadkit_websocket5stateNtB2_7WsState3new
FNDA:22,_RNvMNtCsbuQPXyPdc1s_19threadkit_websocket5stateNtB2_7WsState9broadcast
FNDA:31,_RNvMNtCsbuQPXyPdc1s_19threadkit_websocket5stateNtB2_7WsState9subscribe
FNDA:0,_RNCNvMNtCsbuQPXyPdc1s_19threadkit_websocket5stateNtB4_7WsState3new0B6_
FNDA:23,_RNCNvMNtCsbuQPXyPdc1s_19threadkit_websocket5stateNtB4_7WsState17connection_opened0B6_
FNDA:25,_RNCNvMNtCsbuQPXyPdc1s_19threadkit_websocket5stateNtB4_7WsState21get_or_create_channel0B6_
FNDA:14,_RNCNvMNtCsbuQPXyPdc1s_19threadkit_websocket5stateNtB4_7WsState3new0Cshw9S9r8R7ht_18subscription_tests
FNDA:0,_RNCNvMNtCsbuQPXyPdc1s_19threadkit_websocket5stateNtB4_7WsState3new0Cs7VmwUquk1Lm_19threadkit_websocket
FNDA:0,_RNCNvMNtCscZ3GRALPr5A_19threadkit_websocket5stateNtB4_7WsState3new0B6_
FNDA:0,_RNvMNtCscZ3GRALPr5A_19threadkit_websocket5stateNtB2_7WsState11get_metrics
FNDA:0,_RNvMNtCscZ3GRALPr5A_19threadkit_websocket5stateNtB2_7WsState3new
FNDA:0,_RNvMNtCscZ3GRALPr5A_19threadkit_websocket5stateNtB2_7WsState12message_sent
FNDA:0,_RNvMNtCscZ3GRALPr5A_19threadkit_websocket5stateNtB2_7WsState16message_received
FNDA:0,_RNvMNtCscZ3GRALPr5A_19threadkit_websocket5stateNtB2_7WsState17connection_closed
FNDA:0,_RNvMNtCscZ3GRALPr5A_19threadkit_websocket5stateNtB2_7WsState17connection_opened
FNDA:0,_RNvMNtCscZ3GRALPr5A_19threadkit_websocket5stateNtB2_7WsState21get_or_create_channel
FNDA:0,_RNvMNtCscZ3GRALPr5A_19threadkit_websocket5stateNtB2_7WsState9broadcast
FNDA:0,_RNvMNtCscZ3GRALPr5A_19threadkit_websocket5stateNtB2_7WsState9subscribe
FNDA:0,_RNCNvMNtCscZ3GRALPr5A_19threadkit_websocket5stateNtB4_7WsState17connection_opened0B6_
FNDA:0,_RNCNvMNtCscZ3GRALPr5A_19threadkit_websocket5stateNtB4_7WsState21get_or_create_channel0B6_
FNF:12
FNH:12
DA:35,24
DA:36,24
DA:37,24
DA:39,24
DA:41,24
DA:42,24
DA:43,24
DA:44,24
DA:45,24
DA:46,24
DA:47,24
DA:48,24
DA:49,24
DA:50,24
DA:51,24
DA:52,24
DA:55,31
DA:56,31
DA:57,31
DA:58,31
DA:59,25
DA:60,25
DA:61,25
DA:62,31
DA:63,31
DA:66,31
DA:67,31
DA:68,31
DA:71,22
DA:72,22
DA:73,22
DA:74,22
DA:75,22
DA:80,33
DA:81,33
DA:82,33
DA:83,33
DA:84,33
DA:85,33
DA:86,33
DA:87,33
DA:90,7
DA:91,7
DA:92,7
DA:93,7
DA:94,7
DA:95,7
DA:98,49
DA:99,49
DA:100,49
DA:103,96
DA:104,96
DA:105,96
DA:110,6
DA:111,6
DA:112,6
DA:113,6
DA:114,6
DA:115,6
DA:116,6
DA:117,6
DA:118,6
DA:119,6
DA:120,6
DA:121,6
BRF:0
BRH:0
LF:68
LH:68
end_of_record